c:\users\vsevolod\desktop\flamegpu-master\examples\gameoflife\src\dynamic\header.h
c:\users\vsevolod\desktop\flamegpu-master\examples\gameoflife\src\dynamic\flamegpu_kernals.cu
c:\users\vsevolod\desktop\flamegpu-master\examples\gameoflife\src\dynamic\io.cu
c:\users\vsevolod\desktop\flamegpu-master\examples\gameoflife\src\dynamic\simulation.cu
c:\users\vsevolod\desktop\flamegpu-master\examples\gameoflife\src\dynamic\main.cu
c:\users\vsevolod\desktop\flamegpu-master\examples\gameoflife\src\dynamic\visualisation.cu
c:\users\vsevolod\desktop\flamegpu-master\bin\x64\debug_visualisation\gameoflife.ilk
c:\users\vsevolod\desktop\flamegpu-master\bin\x64\debug_visualisation\gameoflife.exe
c:\users\vsevolod\desktop\flamegpu-master\bin\x64\debug_visualisation\gameoflife.pdb
c:\users\vsevolod\desktop\flamegpu-master\examples\gameoflife\x64\debug_visualisation\io.cu.cache
c:\users\vsevolod\desktop\flamegpu-master\examples\gameoflife\x64\debug_visualisation\main.cu.cache
c:\users\vsevolod\desktop\flamegpu-master\examples\gameoflife\x64\debug_visualisation\simulation.cu.cache
c:\users\vsevolod\desktop\flamegpu-master\examples\gameoflife\x64\debug_visualisation\visualisation.cu.cache
c:\users\vsevolod\desktop\flamegpu-master\examples\gameoflife\x64\debug_visualisation\io.cu.obj
c:\users\vsevolod\desktop\flamegpu-master\examples\gameoflife\x64\debug_visualisation\main.cu.obj
c:\users\vsevolod\desktop\flamegpu-master\examples\gameoflife\x64\debug_visualisation\simulation.cu.obj
c:\users\vsevolod\desktop\flamegpu-master\examples\gameoflife\x64\debug_visualisation\visualisation.cu.obj
c:\users\vsevolod\desktop\flamegpu-master\examples\gameoflife\..\..\bin\x64\debug_visualisation\gameoflife.exe
c:\users\vsevolod\desktop\flamegpu-master\examples\gameoflife\x64\debug_visualisation\gameoflife.tlog\gameoflife.write.1.tlog
c:\users\vsevolod\desktop\flamegpu-master\examples\gameoflife\x64\debug_visualisation\gameoflife.tlog\link.command.1.tlog
c:\users\vsevolod\desktop\flamegpu-master\examples\gameoflife\x64\debug_visualisation\gameoflife.tlog\link.read.1.tlog
c:\users\vsevolod\desktop\flamegpu-master\examples\gameoflife\x64\debug_visualisation\gameoflife.tlog\link.write.1.tlog
