c:\flamegpu-1.4\examples\boids_partitioning\src\dynamic\header.h
c:\flamegpu-1.4\examples\boids_partitioning\src\dynamic\flamegpu_kernals.cu
c:\flamegpu-1.4\examples\boids_partitioning\src\dynamic\io.cu
c:\flamegpu-1.4\examples\boids_partitioning\src\dynamic\simulation.cu
c:\flamegpu-1.4\examples\boids_partitioning\src\dynamic\main.cu
c:\flamegpu-1.4\examples\boids_partitioning\src\dynamic\visualisation.cu
c:\flamegpu-1.4\bin\x64\release_visualisation\boids_partitioning.exe
c:\flamegpu-1.4\examples\boids_partitioning\x64\release_visualisation\io.cu.cache
c:\flamegpu-1.4\examples\boids_partitioning\x64\release_visualisation\main.cu.cache
c:\flamegpu-1.4\examples\boids_partitioning\x64\release_visualisation\simulation.cu.cache
c:\flamegpu-1.4\examples\boids_partitioning\x64\release_visualisation\visualisation.cu.cache
c:\flamegpu-1.4\examples\boids_partitioning\x64\release_visualisation\io.cu.obj
c:\flamegpu-1.4\examples\boids_partitioning\x64\release_visualisation\main.cu.obj
c:\flamegpu-1.4\examples\boids_partitioning\x64\release_visualisation\simulation.cu.obj
c:\flamegpu-1.4\examples\boids_partitioning\x64\release_visualisation\visualisation.cu.obj
c:\flamegpu-1.4\examples\boids_partitioning\..\..\bin\x64\release_visualisation\boids_partitioning.exe
c:\flamegpu-1.4\examples\boids_partitioning\x64\release_visualisation\boids_pa.34afe3ce.tlog\boids_partitioning.write.1.tlog
c:\flamegpu-1.4\examples\boids_partitioning\x64\release_visualisation\boids_pa.34afe3ce.tlog\link.command.1.tlog
c:\flamegpu-1.4\examples\boids_partitioning\x64\release_visualisation\boids_pa.34afe3ce.tlog\link.read.1.tlog
c:\flamegpu-1.4\examples\boids_partitioning\x64\release_visualisation\boids_pa.34afe3ce.tlog\link.write.1.tlog
