c:\users\vsevolod\desktop\flamegpu-master\examples\boids_bruteforce\src\dynamic\header.h
c:\users\vsevolod\desktop\flamegpu-master\examples\boids_bruteforce\src\dynamic\flamegpu_kernals.cu
c:\users\vsevolod\desktop\flamegpu-master\examples\boids_bruteforce\src\dynamic\io.cu
c:\users\vsevolod\desktop\flamegpu-master\examples\boids_bruteforce\src\dynamic\simulation.cu
c:\users\vsevolod\desktop\flamegpu-master\examples\boids_bruteforce\src\dynamic\main.cu
c:\users\vsevolod\desktop\flamegpu-master\examples\boids_bruteforce\src\dynamic\visualisation.cu
c:\users\vsevolod\desktop\flamegpu-master\bin\x64\debug_visualisation\boids_bruteforce.ilk
c:\users\vsevolod\desktop\flamegpu-master\bin\x64\debug_visualisation\boids_bruteforce.exe
c:\users\vsevolod\desktop\flamegpu-master\bin\x64\debug_visualisation\boids_bruteforce.pdb
c:\users\vsevolod\desktop\flamegpu-master\examples\boids_bruteforce\x64\debug_visualisation\io.cu.cache
c:\users\vsevolod\desktop\flamegpu-master\examples\boids_bruteforce\x64\debug_visualisation\main.cu.cache
c:\users\vsevolod\desktop\flamegpu-master\examples\boids_bruteforce\x64\debug_visualisation\simulation.cu.cache
c:\users\vsevolod\desktop\flamegpu-master\examples\boids_bruteforce\x64\debug_visualisation\visualisation.cu.cache
c:\users\vsevolod\desktop\flamegpu-master\examples\boids_bruteforce\x64\debug_visualisation\io.cu.obj
c:\users\vsevolod\desktop\flamegpu-master\examples\boids_bruteforce\x64\debug_visualisation\main.cu.obj
c:\users\vsevolod\desktop\flamegpu-master\examples\boids_bruteforce\x64\debug_visualisation\simulation.cu.obj
c:\users\vsevolod\desktop\flamegpu-master\examples\boids_bruteforce\x64\debug_visualisation\visualisation.cu.obj
c:\users\vsevolod\desktop\flamegpu-master\examples\boids_bruteforce\..\..\bin\x64\debug_visualisation\boids_bruteforce.exe
c:\users\vsevolod\desktop\flamegpu-master\examples\boids_bruteforce\x64\debug_visualisation\boids_bruteforce.tlog\boids_bruteforce.write.1.tlog
c:\users\vsevolod\desktop\flamegpu-master\examples\boids_bruteforce\x64\debug_visualisation\boids_bruteforce.tlog\link.command.1.tlog
c:\users\vsevolod\desktop\flamegpu-master\examples\boids_bruteforce\x64\debug_visualisation\boids_bruteforce.tlog\link.read.1.tlog
c:\users\vsevolod\desktop\flamegpu-master\examples\boids_bruteforce\x64\debug_visualisation\boids_bruteforce.tlog\link.write.1.tlog
