Сборка начата 04.06.2015 0:46:31.
     1>Проект "C:\Users\Vsevolod\Desktop\FLAMEGPU-master\examples\GameOfLife\GameOfLife.vcxproj" в узле 2 (целевые объекты Rebuild).
     1>CudaClean:
         cmd.exe /C "C:\Users\Vsevolod\AppData\Local\Temp\tmpebff3186fa3c431b8e1249dcb9ac4982.cmd"
         "C:\Program Files\NVIDIA GPU Computing Toolkit\CUDA\v7.0\bin\nvcc.exe" -ccbin "C:\Program Files (x86)\Microsoft Visual Studio 12.0\VC\bin\x86_amd64"  -I..\..\include -I.\src -I.\src\model -I.\src\dynamic -I.\src\visualisation -I"C:\Program Files\NVIDIA GPU Computing Toolkit\CUDA\v7.0\include" -I"C:\Program Files\NVIDIA GPU Computing Toolkit\CUDA\v7.0\include" -I..\..\include -I.\src -I.\src\model -I.\src\dynamic -I.\src\visualisation -I"C:\Program Files\NVIDIA GPU Computing Toolkit\CUDA\v7.0\include"  -G -lineinfo  --keep-dir x64\Debug_Console -maxrregcount=0  --machine 64 --compile   -g   -DWIN32 -DWIN64 -D_DEBUG -D_CONSOLE -D_MBCS -Xcompiler "/EHsc /W3 /nologo /Od /Zi /RTC1 /MTd  " -o x64\Debug_Console\io.cu.obj "C:\Users\Vsevolod\Desktop\FLAMEGPU-master\examples\GameOfLife\src\dynamic\io.cu" -clean
         
         C:\Users\Vsevolod\Desktop\FLAMEGPU-master\examples\GameOfLife>"C:\Program Files\NVIDIA GPU Computing Toolkit\CUDA\v7.0\bin\nvcc.exe" -ccbin "C:\Program Files (x86)\Microsoft Visual Studio 12.0\VC\bin\x86_amd64"  -I..\..\include -I.\src -I.\src\model -I.\src\dynamic -I.\src\visualisation -I"C:\Program Files\NVIDIA GPU Computing Toolkit\CUDA\v7.0\include" -I"C:\Program Files\NVIDIA GPU Computing Toolkit\CUDA\v7.0\include" -I..\..\include -I.\src -I.\src\model -I.\src\dynamic -I.\src\visualisation -I"C:\Program Files\NVIDIA GPU Computing Toolkit\CUDA\v7.0\include"  -G -lineinfo  --keep-dir x64\Debug_Console -maxrregcount=0  --machine 64 --compile   -g   -DWIN32 -DWIN64 -D_DEBUG -D_CONSOLE -D_MBCS -Xcompiler "/EHsc /W3 /nologo /Od /Zi /RTC1 /MTd  " -o x64\Debug_Console\io.cu.obj "C:\Users\Vsevolod\Desktop\FLAMEGPU-master\examples\GameOfLife\src\dynamic\io.cu" -clean 
         io.cu
       CudaClean:
         cmd.exe /C "C:\Users\Vsevolod\AppData\Local\Temp\tmpcb4ce84edae04a88ab8ca2b5adf5f91c.cmd"
         "C:\Program Files\NVIDIA GPU Computing Toolkit\CUDA\v7.0\bin\nvcc.exe" -ccbin "C:\Program Files (x86)\Microsoft Visual Studio 12.0\VC\bin\x86_amd64"  -I..\..\include -I.\src -I.\src\model -I.\src\dynamic -I.\src\visualisation -I"C:\Program Files\NVIDIA GPU Computing Toolkit\CUDA\v7.0\include" -I"C:\Program Files\NVIDIA GPU Computing Toolkit\CUDA\v7.0\include" -I..\..\include -I.\src -I.\src\model -I.\src\dynamic -I.\src\visualisation -I"C:\Program Files\NVIDIA GPU Computing Toolkit\CUDA\v7.0\include"  -G -lineinfo  --keep-dir x64\Debug_Console -maxrregcount=0  --machine 64 --compile   -g   -DWIN32 -DWIN64 -D_DEBUG -D_CONSOLE -D_MBCS -Xcompiler "/EHsc /W3 /nologo /Od /Zi /RTC1 /MTd  " -o x64\Debug_Console\main.cu.obj "C:\Users\Vsevolod\Desktop\FLAMEGPU-master\examples\GameOfLife\src\dynamic\main.cu" -clean
         
         C:\Users\Vsevolod\Desktop\FLAMEGPU-master\examples\GameOfLife>"C:\Program Files\NVIDIA GPU Computing Toolkit\CUDA\v7.0\bin\nvcc.exe" -ccbin "C:\Program Files (x86)\Microsoft Visual Studio 12.0\VC\bin\x86_amd64"  -I..\..\include -I.\src -I.\src\model -I.\src\dynamic -I.\src\visualisation -I"C:\Program Files\NVIDIA GPU Computing Toolkit\CUDA\v7.0\include" -I"C:\Program Files\NVIDIA GPU Computing Toolkit\CUDA\v7.0\include" -I..\..\include -I.\src -I.\src\model -I.\src\dynamic -I.\src\visualisation -I"C:\Program Files\NVIDIA GPU Computing Toolkit\CUDA\v7.0\include"  -G -lineinfo  --keep-dir x64\Debug_Console -maxrregcount=0  --machine 64 --compile   -g   -DWIN32 -DWIN64 -D_DEBUG -D_CONSOLE -D_MBCS -Xcompiler "/EHsc /W3 /nologo /Od /Zi /RTC1 /MTd  " -o x64\Debug_Console\main.cu.obj "C:\Users\Vsevolod\Desktop\FLAMEGPU-master\examples\GameOfLife\src\dynamic\main.cu" -clean 
         main.cu
       CudaClean:
         cmd.exe /C "C:\Users\Vsevolod\AppData\Local\Temp\tmp1cf9f3bb2a9f4efbb146e3c5ab6f8c20.cmd"
         "C:\Program Files\NVIDIA GPU Computing Toolkit\CUDA\v7.0\bin\nvcc.exe" -ccbin "C:\Program Files (x86)\Microsoft Visual Studio 12.0\VC\bin\x86_amd64"  -I..\..\include -I.\src -I.\src\model -I.\src\dynamic -I.\src\visualisation -I"C:\Program Files\NVIDIA GPU Computing Toolkit\CUDA\v7.0\include" -I"C:\Program Files\NVIDIA GPU Computing Toolkit\CUDA\v7.0\include" -I..\..\include -I.\src -I.\src\model -I.\src\dynamic -I.\src\visualisation -I"C:\Program Files\NVIDIA GPU Computing Toolkit\CUDA\v7.0\include"  -G -lineinfo  --keep-dir x64\Debug_Console -maxrregcount=0  --machine 64 --compile   -g   -DWIN32 -DWIN64 -D_DEBUG -D_CONSOLE -D_MBCS -Xcompiler "/EHsc /W3 /nologo /Od /Zi /RTC1 /MTd  " -o x64\Debug_Console\simulation.cu.obj "C:\Users\Vsevolod\Desktop\FLAMEGPU-master\examples\GameOfLife\src\dynamic\simulation.cu" -clean
         
         C:\Users\Vsevolod\Desktop\FLAMEGPU-master\examples\GameOfLife>"C:\Program Files\NVIDIA GPU Computing Toolkit\CUDA\v7.0\bin\nvcc.exe" -ccbin "C:\Program Files (x86)\Microsoft Visual Studio 12.0\VC\bin\x86_amd64"  -I..\..\include -I.\src -I.\src\model -I.\src\dynamic -I.\src\visualisation -I"C:\Program Files\NVIDIA GPU Computing Toolkit\CUDA\v7.0\include" -I"C:\Program Files\NVIDIA GPU Computing Toolkit\CUDA\v7.0\include" -I..\..\include -I.\src -I.\src\model -I.\src\dynamic -I.\src\visualisation -I"C:\Program Files\NVIDIA GPU Computing Toolkit\CUDA\v7.0\include"  -G -lineinfo  --keep-dir x64\Debug_Console -maxrregcount=0  --machine 64 --compile   -g   -DWIN32 -DWIN64 -D_DEBUG -D_CONSOLE -D_MBCS -Xcompiler "/EHsc /W3 /nologo /Od /Zi /RTC1 /MTd  " -o x64\Debug_Console\simulation.cu.obj "C:\Users\Vsevolod\Desktop\FLAMEGPU-master\examples\GameOfLife\src\dynamic\simulation.cu" -clean 
         simulation.cu
       _FLAMEGPU_Template_Build_Rule:
         Generating Dynamic Code from FLAMEGPU Templates
         cmd.exe /C "C:\Users\Vsevolod\AppData\Local\Temp\tmp5a157962d8d24cd3996ef4ea05b5d153.cmd"
         "..\..\tools\XSLTProcessor" "C:\Users\Vsevolod\Desktop\FLAMEGPU-master\examples\GameOfLife\src\model\XMLModelFile.xml" "..\..\FLAMEGPU\templates\\header.xslt" ".\src\dynamic\\header.h" 
           "..\..\tools\XSLTProcessor" "C:\Users\Vsevolod\Desktop\FLAMEGPU-master\examples\GameOfLife\src\model\XMLModelFile.xml" "..\..\FLAMEGPU\templates\\FLAMEGPU_kernals.xslt" ".\src\dynamic\\FLAMEGPU_kernals.cu" 
           "..\..\tools\XSLTProcessor" "C:\Users\Vsevolod\Desktop\FLAMEGPU-master\examples\GameOfLife\src\model\XMLModelFile.xml" "..\..\FLAMEGPU\templates\\io.xslt" ".\src\dynamic\\io.cu" 
           "..\..\tools\XSLTProcessor" "C:\Users\Vsevolod\Desktop\FLAMEGPU-master\examples\GameOfLife\src\model\XMLModelFile.xml" "..\..\FLAMEGPU\templates\\simulation.xslt" ".\src\dynamic\\simulation.cu" 
           "..\..\tools\XSLTProcessor" "C:\Users\Vsevolod\Desktop\FLAMEGPU-master\examples\GameOfLife\src\model\XMLModelFile.xml" "..\..\FLAMEGPU\templates\\main.xslt" ".\src\dynamic\\main.cu" 
           
         
         C:\Users\Vsevolod\Desktop\FLAMEGPU-master\examples\GameOfLife>"..\..\tools\XSLTProcessor" "C:\Users\Vsevolod\Desktop\FLAMEGPU-master\examples\GameOfLife\src\model\XMLModelFile.xml" "..\..\FLAMEGPU\templates\\header.xslt" ".\src\dynamic\\header.h"  
         XSLT Transformation: XML File -> C:\Users\Vsevolod\Desktop\FLAMEGPU-master\examples\GameOfLife\src\model\XMLModelFile.xml, XSLT File -> ..\..\FLAMEGPU\templates\\header.xslt, Output File -> .\src\dynamic\\header.h : Success...
         
         C:\Users\Vsevolod\Desktop\FLAMEGPU-master\examples\GameOfLife>"..\..\tools\XSLTProcessor" "C:\Users\Vsevolod\Desktop\FLAMEGPU-master\examples\GameOfLife\src\model\XMLModelFile.xml" "..\..\FLAMEGPU\templates\\FLAMEGPU_kernals.xslt" ".\src\dynamic\\FLAMEGPU_kernals.cu"  
         XSLT Transformation: XML File -> C:\Users\Vsevolod\Desktop\FLAMEGPU-master\examples\GameOfLife\src\model\XMLModelFile.xml, XSLT File -> ..\..\FLAMEGPU\templates\\FLAMEGPU_kernals.xslt, Output File -> .\src\dynamic\\FLAMEGPU_kernals.cu : Success...
         
         C:\Users\Vsevolod\Desktop\FLAMEGPU-master\examples\GameOfLife>"..\..\tools\XSLTProcessor" "C:\Users\Vsevolod\Desktop\FLAMEGPU-master\examples\GameOfLife\src\model\XMLModelFile.xml" "..\..\FLAMEGPU\templates\\io.xslt" ".\src\dynamic\\io.cu"  
         XSLT Transformation: XML File -> C:\Users\Vsevolod\Desktop\FLAMEGPU-master\examples\GameOfLife\src\model\XMLModelFile.xml, XSLT File -> ..\..\FLAMEGPU\templates\\io.xslt, Output File -> .\src\dynamic\\io.cu : Success...
         
         C:\Users\Vsevolod\Desktop\FLAMEGPU-master\examples\GameOfLife>"..\..\tools\XSLTProcessor" "C:\Users\Vsevolod\Desktop\FLAMEGPU-master\examples\GameOfLife\src\model\XMLModelFile.xml" "..\..\FLAMEGPU\templates\\simulation.xslt" ".\src\dynamic\\simulation.cu"  
         XSLT Transformation: XML File -> C:\Users\Vsevolod\Desktop\FLAMEGPU-master\examples\GameOfLife\src\model\XMLModelFile.xml, XSLT File -> ..\..\FLAMEGPU\templates\\simulation.xslt, Output File -> .\src\dynamic\\simulation.cu : Success...
         
         C:\Users\Vsevolod\Desktop\FLAMEGPU-master\examples\GameOfLife>"..\..\tools\XSLTProcessor" "C:\Users\Vsevolod\Desktop\FLAMEGPU-master\examples\GameOfLife\src\model\XMLModelFile.xml" "..\..\FLAMEGPU\templates\\main.xslt" ".\src\dynamic\\main.cu"  
         XSLT Transformation: XML File -> C:\Users\Vsevolod\Desktop\FLAMEGPU-master\examples\GameOfLife\src\model\XMLModelFile.xml, XSLT File -> ..\..\FLAMEGPU\templates\\main.xslt, Output File -> .\src\dynamic\\main.cu : Success...
       AddCudaCompileDeps:
         C:\Program Files (x86)\Microsoft Visual Studio 12.0\VC\bin\x86_amd64\cl.exe /E /nologo /showIncludes /TP /D__CUDACC__ /DWIN32 /DWIN64 /D_DEBUG /D_CONSOLE /D_MBCS /I..\..\include /I.\src /I.\src\model /I.\src\dynamic /I.\src\visualisation /I"C:\Program Files\NVIDIA GPU Computing Toolkit\CUDA\v7.0\include" /I"C:\Program Files\NVIDIA GPU Computing Toolkit\CUDA\v7.0\include" /I..\..\include /I.\src /I.\src\model /I.\src\dynamic /I.\src\visualisation /I"C:\Program Files\NVIDIA GPU Computing Toolkit\CUDA\v7.0\bin" /I"C:\Program Files\NVIDIA GPU Computing Toolkit\CUDA\v7.0\include" /I. /FIcuda_runtime.h /c C:\Users\Vsevolod\Desktop\FLAMEGPU-master\examples\GameOfLife\src\dynamic\io.cu 
       AddCudaCompileDeps:
         C:\Program Files (x86)\Microsoft Visual Studio 12.0\VC\bin\x86_amd64\cl.exe /E /nologo /showIncludes /TP /D__CUDACC__ /DWIN32 /DWIN64 /D_DEBUG /D_CONSOLE /D_MBCS /I..\..\include /I.\src /I.\src\model /I.\src\dynamic /I.\src\visualisation /I"C:\Program Files\NVIDIA GPU Computing Toolkit\CUDA\v7.0\include" /I"C:\Program Files\NVIDIA GPU Computing Toolkit\CUDA\v7.0\include" /I..\..\include /I.\src /I.\src\model /I.\src\dynamic /I.\src\visualisation /I"C:\Program Files\NVIDIA GPU Computing Toolkit\CUDA\v7.0\bin" /I"C:\Program Files\NVIDIA GPU Computing Toolkit\CUDA\v7.0\include" /I. /FIcuda_runtime.h /c C:\Users\Vsevolod\Desktop\FLAMEGPU-master\examples\GameOfLife\src\dynamic\main.cu 
       AddCudaCompileDeps:
         C:\Program Files (x86)\Microsoft Visual Studio 12.0\VC\bin\x86_amd64\cl.exe /E /nologo /showIncludes /TP /D__CUDACC__ /DWIN32 /DWIN64 /D_DEBUG /D_CONSOLE /D_MBCS /I..\..\include /I.\src /I.\src\model /I.\src\dynamic /I.\src\visualisation /I"C:\Program Files\NVIDIA GPU Computing Toolkit\CUDA\v7.0\include" /I"C:\Program Files\NVIDIA GPU Computing Toolkit\CUDA\v7.0\include" /I..\..\include /I.\src /I.\src\model /I.\src\dynamic /I.\src\visualisation /I"C:\Program Files\NVIDIA GPU Computing Toolkit\CUDA\v7.0\bin" /I"C:\Program Files\NVIDIA GPU Computing Toolkit\CUDA\v7.0\include" /I. /FIcuda_runtime.h /c C:\Users\Vsevolod\Desktop\FLAMEGPU-master\examples\GameOfLife\src\dynamic\simulation.cu 
       CudaBuild:
         Compiling CUDA source file src\dynamic\io.cu...
         cmd.exe /C "C:\Users\Vsevolod\AppData\Local\Temp\tmpde0fa4fb898b4116a557cbc27829b32f.cmd"
         "C:\Program Files\NVIDIA GPU Computing Toolkit\CUDA\v7.0\bin\nvcc.exe" -gencode=arch=compute_20,code=\"sm_20,compute_20\" -gencode=arch=compute_30,code=\"sm_30,compute_30\" -gencode=arch=compute_35,code=\"sm_35,compute_35\" -gencode=arch=compute_50,code=\"sm_50,compute_50\" --use-local-env --cl-version 2013 -ccbin "C:\Program Files (x86)\Microsoft Visual Studio 12.0\VC\bin\x86_amd64"  -I..\..\include -I.\src -I.\src\model -I.\src\dynamic -I.\src\visualisation -I"C:\Program Files\NVIDIA GPU Computing Toolkit\CUDA\v7.0\include" -I"C:\Program Files\NVIDIA GPU Computing Toolkit\CUDA\v7.0\include" -I..\..\include -I.\src -I.\src\model -I.\src\dynamic -I.\src\visualisation -I"C:\Program Files\NVIDIA GPU Computing Toolkit\CUDA\v7.0\include"  -G -lineinfo  --keep-dir x64\Debug_Console -maxrregcount=0  --machine 64 --compile -cudart static  -g   -DWIN32 -DWIN64 -D_DEBUG -D_CONSOLE -D_MBCS -Xcompiler "/EHsc /W3 /nologo /Od /Zi /RTC1 /MTd  " -o x64\Debug_Console\io.cu.obj "C:\Users\Vsevolod\Desktop\FLAMEGPU-master\examples\GameOfLife\src\dynamic\io.cu"
         
         C:\Users\Vsevolod\Desktop\FLAMEGPU-master\examples\GameOfLife>"C:\Program Files\NVIDIA GPU Computing Toolkit\CUDA\v7.0\bin\nvcc.exe" -gencode=arch=compute_20,code=\"sm_20,compute_20\" -gencode=arch=compute_30,code=\"sm_30,compute_30\" -gencode=arch=compute_35,code=\"sm_35,compute_35\" -gencode=arch=compute_50,code=\"sm_50,compute_50\" --use-local-env --cl-version 2013 -ccbin "C:\Program Files (x86)\Microsoft Visual Studio 12.0\VC\bin\x86_amd64"  -I..\..\include -I.\src -I.\src\model -I.\src\dynamic -I.\src\visualisation -I"C:\Program Files\NVIDIA GPU Computing Toolkit\CUDA\v7.0\include" -I"C:\Program Files\NVIDIA GPU Computing Toolkit\CUDA\v7.0\include" -I..\..\include -I.\src -I.\src\model -I.\src\dynamic -I.\src\visualisation -I"C:\Program Files\NVIDIA GPU Computing Toolkit\CUDA\v7.0\include"  -G -lineinfo  --keep-dir x64\Debug_Console -maxrregcount=0  --machine 64 --compile -cudart static  -g   -DWIN32 -DWIN64 -D_DEBUG -D_CONSOLE -D_MBCS -Xcompiler "/EHsc /W3 /nologo /Od /Zi /RTC1 /MTd  " -o x64\Debug_Console\io.cu.obj "C:\Users\Vsevolod\Desktop\FLAMEGPU-master\examples\GameOfLife\src\dynamic\io.cu" 
         io.cu
       CudaBuild:
         Compiling CUDA source file src\dynamic\main.cu...
         cmd.exe /C "C:\Users\Vsevolod\AppData\Local\Temp\tmp8cecc45ffa954d27a9c2f396df54200e.cmd"
         "C:\Program Files\NVIDIA GPU Computing Toolkit\CUDA\v7.0\bin\nvcc.exe" -gencode=arch=compute_20,code=\"sm_20,compute_20\" -gencode=arch=compute_30,code=\"sm_30,compute_30\" -gencode=arch=compute_35,code=\"sm_35,compute_35\" -gencode=arch=compute_50,code=\"sm_50,compute_50\" --use-local-env --cl-version 2013 -ccbin "C:\Program Files (x86)\Microsoft Visual Studio 12.0\VC\bin\x86_amd64"  -I..\..\include -I.\src -I.\src\model -I.\src\dynamic -I.\src\visualisation -I"C:\Program Files\NVIDIA GPU Computing Toolkit\CUDA\v7.0\include" -I"C:\Program Files\NVIDIA GPU Computing Toolkit\CUDA\v7.0\include" -I..\..\include -I.\src -I.\src\model -I.\src\dynamic -I.\src\visualisation -I"C:\Program Files\NVIDIA GPU Computing Toolkit\CUDA\v7.0\include"  -G -lineinfo  --keep-dir x64\Debug_Console -maxrregcount=0  --machine 64 --compile -cudart static  -g   -DWIN32 -DWIN64 -D_DEBUG -D_CONSOLE -D_MBCS -Xcompiler "/EHsc /W3 /nologo /Od /Zi /RTC1 /MTd  " -o x64\Debug_Console\main.cu.obj "C:\Users\Vsevolod\Desktop\FLAMEGPU-master\examples\GameOfLife\src\dynamic\main.cu"
         
         C:\Users\Vsevolod\Desktop\FLAMEGPU-master\examples\GameOfLife>"C:\Program Files\NVIDIA GPU Computing Toolkit\CUDA\v7.0\bin\nvcc.exe" -gencode=arch=compute_20,code=\"sm_20,compute_20\" -gencode=arch=compute_30,code=\"sm_30,compute_30\" -gencode=arch=compute_35,code=\"sm_35,compute_35\" -gencode=arch=compute_50,code=\"sm_50,compute_50\" --use-local-env --cl-version 2013 -ccbin "C:\Program Files (x86)\Microsoft Visual Studio 12.0\VC\bin\x86_amd64"  -I..\..\include -I.\src -I.\src\model -I.\src\dynamic -I.\src\visualisation -I"C:\Program Files\NVIDIA GPU Computing Toolkit\CUDA\v7.0\include" -I"C:\Program Files\NVIDIA GPU Computing Toolkit\CUDA\v7.0\include" -I..\..\include -I.\src -I.\src\model -I.\src\dynamic -I.\src\visualisation -I"C:\Program Files\NVIDIA GPU Computing Toolkit\CUDA\v7.0\include"  -G -lineinfo  --keep-dir x64\Debug_Console -maxrregcount=0  --machine 64 --compile -cudart static  -g   -DWIN32 -DWIN64 -D_DEBUG -D_CONSOLE -D_MBCS -Xcompiler "/EHsc /W3 /nologo /Od /Zi /RTC1 /MTd  " -o x64\Debug_Console\main.cu.obj "C:\Users\Vsevolod\Desktop\FLAMEGPU-master\examples\GameOfLife\src\dynamic\main.cu" 
         main.cu
       CudaBuild:
         Compiling CUDA source file src\dynamic\simulation.cu...
         cmd.exe /C "C:\Users\Vsevolod\AppData\Local\Temp\tmp0c83d42d1997448c80d76261e721eacb.cmd"
         "C:\Program Files\NVIDIA GPU Computing Toolkit\CUDA\v7.0\bin\nvcc.exe" -gencode=arch=compute_20,code=\"sm_20,compute_20\" -gencode=arch=compute_30,code=\"sm_30,compute_30\" -gencode=arch=compute_35,code=\"sm_35,compute_35\" -gencode=arch=compute_50,code=\"sm_50,compute_50\" --use-local-env --cl-version 2013 -ccbin "C:\Program Files (x86)\Microsoft Visual Studio 12.0\VC\bin\x86_amd64"  -I..\..\include -I.\src -I.\src\model -I.\src\dynamic -I.\src\visualisation -I"C:\Program Files\NVIDIA GPU Computing Toolkit\CUDA\v7.0\include" -I"C:\Program Files\NVIDIA GPU Computing Toolkit\CUDA\v7.0\include" -I..\..\include -I.\src -I.\src\model -I.\src\dynamic -I.\src\visualisation -I"C:\Program Files\NVIDIA GPU Computing Toolkit\CUDA\v7.0\include"  -G -lineinfo  --keep-dir x64\Debug_Console -maxrregcount=0  --machine 64 --compile -cudart static  -g   -DWIN32 -DWIN64 -D_DEBUG -D_CONSOLE -D_MBCS -Xcompiler "/EHsc /W3 /nologo /Od /Zi /RTC1 /MTd  " -o x64\Debug_Console\simulation.cu.obj "C:\Users\Vsevolod\Desktop\FLAMEGPU-master\examples\GameOfLife\src\dynamic\simulation.cu"
         
         C:\Users\Vsevolod\Desktop\FLAMEGPU-master\examples\GameOfLife>"C:\Program Files\NVIDIA GPU Computing Toolkit\CUDA\v7.0\bin\nvcc.exe" -gencode=arch=compute_20,code=\"sm_20,compute_20\" -gencode=arch=compute_30,code=\"sm_30,compute_30\" -gencode=arch=compute_35,code=\"sm_35,compute_35\" -gencode=arch=compute_50,code=\"sm_50,compute_50\" --use-local-env --cl-version 2013 -ccbin "C:\Program Files (x86)\Microsoft Visual Studio 12.0\VC\bin\x86_amd64"  -I..\..\include -I.\src -I.\src\model -I.\src\dynamic -I.\src\visualisation -I"C:\Program Files\NVIDIA GPU Computing Toolkit\CUDA\v7.0\include" -I"C:\Program Files\NVIDIA GPU Computing Toolkit\CUDA\v7.0\include" -I..\..\include -I.\src -I.\src\model -I.\src\dynamic -I.\src\visualisation -I"C:\Program Files\NVIDIA GPU Computing Toolkit\CUDA\v7.0\include"  -G -lineinfo  --keep-dir x64\Debug_Console -maxrregcount=0  --machine 64 --compile -cudart static  -g   -DWIN32 -DWIN64 -D_DEBUG -D_CONSOLE -D_MBCS -Xcompiler "/EHsc /W3 /nologo /Od /Zi /RTC1 /MTd  " -o x64\Debug_Console\simulation.cu.obj "C:\Users\Vsevolod\Desktop\FLAMEGPU-master\examples\GameOfLife\src\dynamic\simulation.cu" 
         simulation.cu
       CudaBuild:
         Skipping CUDA source file src\dynamic\visualisation.cu (excluded from build).
       Link:
         C:\Program Files (x86)\Microsoft Visual Studio 12.0\VC\bin\x86_amd64\link.exe /ERRORREPORT:PROMPT /OUT:"..\..\bin\x64\Debug_Console\GameOfLife.exe" /INCREMENTAL /NOLOGO /LIBPATH:../../lib/ /LIBPATH:"C:\Program Files\NVIDIA GPU Computing Toolkit\CUDA\v7.0\lib\x64" /LIBPATH:"C:\Program Files\NVIDIA GPU Computing Toolkit\CUDA\v7.0\lib\x64" cudart.lib kernel32.lib user32.lib gdi32.lib winspool.lib comdlg32.lib advapi32.lib shell32.lib ole32.lib oleaut32.lib uuid.lib odbc32.lib odbccp32.lib kernel32.lib user32.lib gdi32.lib winspool.lib comdlg32.lib advapi32.lib shell32.lib ole32.lib oleaut32.lib uuid.lib odbc32.lib odbccp32.lib /MANIFEST /MANIFESTUAC:"level='asInvoker' uiAccess='false'" /manifest:embed /DEBUG /PDB:"..\..\bin\x64\Debug_Console\GameOfLife.pdb" /SUBSYSTEM:CONSOLE /TLBID:1 /DYNAMICBASE /NXCOMPAT /IMPLIB:"..\..\bin\x64\Debug_Console\GameOfLife.lib" /MACHINE:X64 x64\Debug_Console\io.cu.obj
         x64\Debug_Console\main.cu.obj
         x64\Debug_Console\simulation.cu.obj
         GameOfLife.vcxproj -> C:\Users\Vsevolod\Desktop\FLAMEGPU-master\examples\GameOfLife\..\..\bin\x64\Debug_Console\GameOfLife.exe
       PostBuildEvent:
         echo copy "C:\Program Files\NVIDIA GPU Computing Toolkit\CUDA\v7.0\bin\cudart*.dll" "..\..\bin\x64\Debug_Console\"
         copy "C:\Program Files\NVIDIA GPU Computing Toolkit\CUDA\v7.0\bin\cudart*.dll" "..\..\bin\x64\Debug_Console\"
         :VCEnd
         copy "C:\Program Files\NVIDIA GPU Computing Toolkit\CUDA\v7.0\bin\cudart*.dll" "..\..\bin\x64\Debug_Console\"
         C:\Program Files\NVIDIA GPU Computing Toolkit\CUDA\v7.0\bin\cudart32_70.dll
         C:\Program Files\NVIDIA GPU Computing Toolkit\CUDA\v7.0\bin\cudart64_70.dll
         Скопировано файлов:         2.
     1>Сборка проекта "C:\Users\Vsevolod\Desktop\FLAMEGPU-master\examples\GameOfLife\GameOfLife.vcxproj" завершена (целевые объекты Rebuild).

Сборка успешно завершена.

Затраченное время: 00:01:06.61
