c:\users\vsevolod\desktop\flamegpu-master\examples\gameoflife\src\dynamic\header.h
c:\users\vsevolod\desktop\flamegpu-master\examples\gameoflife\src\dynamic\flamegpu_kernals.cu
c:\users\vsevolod\desktop\flamegpu-master\examples\gameoflife\src\dynamic\io.cu
c:\users\vsevolod\desktop\flamegpu-master\examples\gameoflife\src\dynamic\simulation.cu
c:\users\vsevolod\desktop\flamegpu-master\examples\gameoflife\src\dynamic\main.cu
c:\users\vsevolod\desktop\flamegpu-master\bin\x64\debug_console\gameoflife.ilk
c:\users\vsevolod\desktop\flamegpu-master\bin\x64\debug_console\gameoflife.exe
c:\users\vsevolod\desktop\flamegpu-master\bin\x64\debug_console\gameoflife.pdb
c:\users\vsevolod\desktop\flamegpu-master\examples\gameoflife\x64\debug_console\io.cu.cache
c:\users\vsevolod\desktop\flamegpu-master\examples\gameoflife\x64\debug_console\main.cu.cache
c:\users\vsevolod\desktop\flamegpu-master\examples\gameoflife\x64\debug_console\simulation.cu.cache
c:\users\vsevolod\desktop\flamegpu-master\examples\gameoflife\x64\debug_console\visualisation.cu.cache
c:\users\vsevolod\desktop\flamegpu-master\examples\gameoflife\x64\debug_console\io.cu.obj
c:\users\vsevolod\desktop\flamegpu-master\examples\gameoflife\x64\debug_console\main.cu.obj
c:\users\vsevolod\desktop\flamegpu-master\examples\gameoflife\x64\debug_console\simulation.cu.obj
c:\users\vsevolod\desktop\flamegpu-master\examples\gameoflife\..\..\bin\x64\debug_console\gameoflife.exe
c:\users\vsevolod\desktop\flamegpu-master\examples\gameoflife\x64\debug_console\gameoflife.tlog\gameoflife.write.1.tlog
c:\users\vsevolod\desktop\flamegpu-master\examples\gameoflife\x64\debug_console\gameoflife.tlog\link.command.1.tlog
c:\users\vsevolod\desktop\flamegpu-master\examples\gameoflife\x64\debug_console\gameoflife.tlog\link.read.1.tlog
c:\users\vsevolod\desktop\flamegpu-master\examples\gameoflife\x64\debug_console\gameoflife.tlog\link.write.1.tlog
