#
# A fatal error has been detected by the Java Runtime Environment:
#
#  SIGSEGV (0xb) at pc=0x74759513, pid=8200, tid=1935113024
#
# JRE version: Java(TM) SE Runtime Environment (8.0_45-b14) (build 1.8.0_45-b14)
# Java VM: Java HotSpot(TM) Server VM (25.45-b02 mixed mode linux-x86 )
# Problematic frame:
# C  [libjayatana.so+0x3513]  collection_list_index_remove+0x33
#
# Failed to write core dump. Core dumps have been disabled. To enable core dumping, try "ulimit -c unlimited" before starting Java again
#
# If you would like to submit a bug report, please visit:
#   http://bugreport.java.com/bugreport/crash.jsp
# The crash happened outside the Java Virtual Machine in native code.
# See problematic frame for where to report the bug.
#

---------------  T H R E A D  ---------------

Current thread (0x7775e000):  JavaThread "AWT-EventQueue-0" [_thread_in_native, id=8232, stack(0x73527000,0x73578000)]

siginfo: si_signo: 11 (SIGSEGV), si_code: 1 (SEGV_MAPERR), si_addr: 0x00000e28

Registers:
EAX=0x00000e28, EBX=0x7475d000, ECX=0x087f6e08, EDX=0x00000002
ESP=0x73575ca0, EBP=0x775fd8f8, ESI=0x05200007, EDI=0xa762c808
EIP=0x74759513, EFLAGS=0x00010297, CR2=0x00000e28

Top of Stack: (sp=0x73575ca0)
0x73575ca0:   b777815b 7475d000 74369234 7775e138
0x73575cb0:   73575d44 b777e790 747594e9 7475d000
0x73575cc0:   74369234 7775e138 73575d44 74758990
0x73575cd0:   775fd8f8 05200007 7775e000 0075e000
0x73575ce0:   74369238 74369234 74758969 74369238
0x73575cf0:   74369234 7775e000 73575d44 a750c46e
0x73575d00:   7775e138 73575d5c 05200007 00000000
0x73575d10:   73575d44 a750c146 73575d1c 00000029 

Instructions: (pc=0x74759513)
0x747594f3:   6c 24 30 8b 74 24 34 8b 4d 08 85 c9 74 1d 8b 7d
0x74759503:   00 31 d2 8b 07 39 30 75 0b eb 6d 66 90 8b 04 97
0x74759513:   39 30 74 19 83 c2 01 39 ca 75 f2 83 c4 1c 31 c0
0x74759523:   5b 5e 5f 5d c3 90 8d b4 26 00 00 00 00 8d 7a 01 

Register to memory mapping:

EAX=0x00000e28 is an unknown value
EBX=0x7475d000: <offset 0x7000> in /usr/lib/jayatana/libjayatana.so at 0x74756000
ECX=0x087f6e08 is an unknown value
EDX=0x00000002 is an unknown value
ESP=0x73575ca0 is pointing into the stack for thread: 0x7775e000
EBP=0x775fd8f8 is an unknown value
ESI=0x05200007 is an unknown value
EDI=0xa762c808 is at entry_point+-440 in (nmethod*)0xa762c808


Stack: [0x73527000,0x73578000],  sp=0x73575ca0,  free space=315k
Native frames: (J=compiled Java code, j=interpreted, Vv=VM code, C=native code)
C  [libjayatana.so+0x3513]  collection_list_index_remove+0x33

Java frames: (J=compiled Java code, j=interpreted, Vv=VM code)
j  com.jarego.jayatana.basic.GlobalMenu.unregisterWatcher(J)V+0
j  com.jarego.jayatana.basic.GlobalMenuAdapter.unregisterWatcher()V+8
j  com.jarego.jayatana.swing.SwingGlobalMenuWindow.windowClosed(Ljava/awt/event/WindowEvent;)V+1
j  java.awt.AWTEventMulticaster.windowClosed(Ljava/awt/event/WindowEvent;)V+21
j  java.awt.Window.processWindowEvent(Ljava/awt/event/WindowEvent;)V+78
j  javax.swing.JFrame.processWindowEvent(Ljava/awt/event/WindowEvent;)V+2
j  java.awt.Window.processEvent(Ljava/awt/AWTEvent;)V+69
J 1505 C1 java.awt.Component.dispatchEventImpl(Ljava/awt/AWTEvent;)V (883 bytes) @ 0xa786afac [0xa7866d20+0x428c]
J 1520 C1 java.awt.Container.dispatchEventImpl(Ljava/awt/AWTEvent;)V (129 bytes) @ 0xa7893914 [0xa7893820+0xf4]
J 1563 C1 java.awt.Window.dispatchEventImpl(Ljava/awt/AWTEvent;)V (23 bytes) @ 0xa78be220 [0xa78bdd40+0x4e0]
J 1576 C1 java.awt.EventQueue.dispatchEventImpl(Ljava/awt/AWTEvent;Ljava/lang/Object;)V (149 bytes) @ 0xa78c89f8 [0xa78c7700+0x12f8]
J 1574 C1 java.awt.EventQueue$3.run()Ljava/lang/Void; (60 bytes) @ 0xa78c6d38 [0xa78c6ba0+0x198]
J 1573 C1 java.awt.EventQueue$3.run()Ljava/lang/Object; (5 bytes) @ 0xa78c6950 [0xa78c68e0+0x70]
v  ~StubRoutines::call_stub
J 1375  java.security.AccessController.doPrivileged(Ljava/security/PrivilegedAction;Ljava/security/AccessControlContext;)Ljava/lang/Object; (0 bytes) @ 0xa78346c8 [0xa7834660+0x68]
J 1408 C1 java.security.ProtectionDomain$1.doIntersectionPrivilege(Ljava/security/PrivilegedAction;Ljava/security/AccessControlContext;Ljava/security/AccessControlContext;)Ljava/lang/Object; (32 bytes) @ 0xa783d70c [0xa783d4a0+0x26c]
J 1605 C1 java.awt.EventQueue$4.run()Ljava/lang/Object; (5 bytes) @ 0xa78d9558 [0xa78d9240+0x318]
v  ~StubRoutines::call_stub
J 1375  java.security.AccessController.doPrivileged(Ljava/security/PrivilegedAction;Ljava/security/AccessControlContext;)Ljava/lang/Object; (0 bytes) @ 0xa78346c8 [0xa7834660+0x68]
J 1489 C1 java.awt.EventQueue.dispatchEvent(Ljava/awt/AWTEvent;)V (80 bytes) @ 0xa785f388 [0xa785e9a0+0x9e8]
J 1577 C1 java.awt.EventDispatchThread.pumpOneEventForFilters(I)V (295 bytes) @ 0xa78cb1c0 [0xa78c9c60+0x1560]
j  java.awt.EventDispatchThread.pumpEventsForFilter(ILjava/awt/Conditional;Ljava/awt/EventFilter;)V+35
j  java.awt.EventDispatchThread.pumpEventsForHierarchy(ILjava/awt/Conditional;Ljava/awt/Component;)V+11
j  java.awt.EventDispatchThread.pumpEvents(ILjava/awt/Conditional;)V+4
j  java.awt.EventDispatchThread.pumpEvents(Ljava/awt/Conditional;)V+3
j  java.awt.EventDispatchThread.run()V+9
v  ~StubRoutines::call_stub

---------------  P R O C E S S  ---------------

Java Threads: ( => current thread )
  0x08736400 JavaThread "Thread-15" [_thread_in_vm, id=8271, stack(0x70a0d000,0x70a5e000)]
  0x73b36000 JavaThread "SIGTERM handler" daemon [_thread_blocked, id=8267, stack(0x7305e000,0x730af000)]
  0x08805c00 JavaThread "TimerQueue" daemon [_thread_blocked, id=8240, stack(0x713df000,0x71430000)]
=>0x7775e000 JavaThread "AWT-EventQueue-0" [_thread_in_native, id=8232, stack(0x73527000,0x73578000)]
  0x7775cc00 JavaThread "AWT-Shutdown" [_thread_blocked, id=8231, stack(0x73578000,0x735c9000)]
  0xb6508000 JavaThread "DestroyJavaVM" [_thread_blocked, id=8205, stack(0xb66af000,0xb6700000)]
  0x73b18000 JavaThread "df" [_thread_blocked, id=8229, stack(0x7381a000,0x7386b000)]
  0x73b17400 JavaThread "ams" [_thread_blocked, id=8228, stack(0x7386b000,0x738bc000)]
  0x746e4c00 JavaThread "Deliverer-4" [_thread_blocked, id=8226, stack(0x73a0d000,0x73a5e000)]
  0x746e3c00 JavaThread "Deliverer-3" [_thread_blocked, id=8225, stack(0x73a5e000,0x73aaf000)]
  0x746e2800 JavaThread "Deliverer-2" [_thread_blocked, id=8224, stack(0x73aaf000,0x73b00000)]
  0x746ec000 JavaThread "Deliverer-1" [_thread_blocked, id=8223, stack(0x73c2c000,0x73c7d000)]
  0x746ea800 JavaThread "Deliverer-0" [_thread_blocked, id=8222, stack(0x73c7d000,0x73cce000)]
  0x746d7000 JavaThread "AWT-XAWT" daemon [_thread_in_native, id=8221, stack(0x74228000,0x74279000)]
  0x746c2800 JavaThread "Java2D Disposer" daemon [_thread_blocked, id=8220, stack(0x74279000,0x742ca000)]
  0x752efc00 JavaThread "Thread-4" [_thread_in_native, id=8219, stack(0x747ad000,0x747fe000)]
  0x752cf800 JavaThread "Thread-3" [_thread_blocked, id=8218, stack(0x747fe000,0x7484f000)]
  0x752dc000 JavaThread "JICPServer-1099" daemon [_thread_in_native, id=8217, stack(0x7484f000,0x748a0000)]
  0x752c9800 JavaThread "JADE Timer dispatcher" [_thread_blocked, id=8216, stack(0x748a0000,0x748f1000)]
  0x75277400 JavaThread "Service Thread" daemon [_thread_blocked, id=8214, stack(0x74b33000,0x74b84000)]
  0x7526d400 JavaThread "C1 CompilerThread1" daemon [_thread_in_native, id=8213, stack(0x74b84000,0x74c05000)]
  0x7526b800 JavaThread "C2 CompilerThread0" daemon [_thread_blocked, id=8212, stack(0x74c05000,0x74c86000)]
  0x75233000 JavaThread "Signal Dispatcher" daemon [_thread_blocked, id=8211, stack(0x74df3000,0x74e44000)]
  0x75215800 JavaThread "Finalizer" daemon [_thread_blocked, id=8210, stack(0x751af000,0x75200000)]
  0x75214000 JavaThread "Reference Handler" daemon [_thread_blocked, id=8209, stack(0x75314000,0x75365000)]

Other Threads:
  0x75211000 VMThread [stack: 0x75365000,0x753e6000] [id=8208]
  0x75279000 WatcherThread [stack: 0x74ab2000,0x74b33000] [id=8215]

VM state:not at safepoint (normal execution)

VM Mutex/Monitor currently owned by a thread:  ([mutex/lock_event])
[0xb65056e8] Threads_lock - owner thread: 0x08736400

Heap:
 PSYoungGen      total 55808K, used 23259K [0x97380000, 0x9e080000, 0xa7000000)
  eden space 49152K, 44% used [0x97380000,0x98914728,0x9a380000)
  from space 6656K, 17% used [0x9a380000,0x9a4a2840,0x9aa00000)
  to   space 6656K, 0% used [0x9da00000,0x9da00000,0x9e080000)
 ParOldGen       total 32768K, used 8720K [0x77a00000, 0x79a00000, 0x97380000)
  object space 32768K, 26% used [0x77a00000,0x78284288,0x79a00000)
 Metaspace       used 16031K, capacity 16248K, committed 16384K, reserved 16688K

Card table byte_map: [0x77884000,0x77a00000] byte_map_base: 0x774c7000

Marking Bits: (ParMarkBitMap*) 0xb713d960
 Begin Bits: [0x75d50000, 0x76928000)
 End Bits:   [0x76928000, 0x77500000)

Polling page: 0xb7758000

CodeCache: size=245760Kb used=6013Kb max_used=6028Kb free=239746Kb
 bounds [0xa7500000, 0xa7ae8000, 0xb6500000]
 total_blobs=2639 nmethods=2345 adapters=207
 compilation: enabled

Compilation events (10 events):
Event: 117,174 Thread 0x7526d400 nmethod 2508 0xa762a748 code [0xa762a940, 0xa762b3d4]
Event: 117,175 Thread 0x7526d400 2505       1       jade.core.AgentState::getValue (5 bytes)
Event: 117,175 Thread 0x7526d400 nmethod 2505 0xa7711188 code [0xa7711280, 0xa7711320]
Event: 117,175 Thread 0x7526d400 2509       3       jade.content.onto.OntologyException::<init> (6 bytes)
Event: 117,176 Thread 0x7526d400 nmethod 2509 0xa783b508 code [0xa783b640, 0xa783b82c]
Event: 117,176 Thread 0x7526d400 2511       1       javax.swing.JRootPane::getDefaultButton (5 bytes)
Event: 117,176 Thread 0x7526d400 nmethod 2511 0xa7711a08 code [0xa7711b00, 0xa7711ba0]
Event: 117,182 Thread 0x7526d400 2512       3       java.awt.Container::createHierarchyEvents (75 bytes)
Event: 117,183 Thread 0x7526d400 nmethod 2512 0xa763ed08 code [0xa763eea0, 0xa763f528]
Event: 117,183 Thread 0x7526d400 2513       3       java.awt.Component::createHierarchyEvents (173 bytes)

GC Heap History (10 events):
Event: 16,254 GC heap before
{Heap before GC invocations=3 (full 0):
 PSYoungGen      total 26624K, used 26616K [0x97380000, 0x98f80000, 0xa7000000)
  eden space 24576K, 100% used [0x97380000,0x98b80000,0x98b80000)
  from space 2048K, 99% used [0x98d80000,0x98f7e0f0,0x98f80000)
  to   space 2048K, 0% used [0x98b80000,0x98b80000,0x98d80000)
 ParOldGen       total 32768K, used 1462K [0x77a00000, 0x79a00000, 0x97380000)
  object space 32768K, 4% used [0x77a00000,0x77b6d960,0x79a00000)
 Metaspace       used 13193K, capacity 13405K, committed 13464K, reserved 13616K
Event: 16,281 GC heap after
Heap after GC invocations=3 (full 0):
 PSYoungGen      total 26624K, used 2033K [0x97380000, 0x98f80000, 0xa7000000)
  eden space 24576K, 0% used [0x97380000,0x97380000,0x98b80000)
  from space 2048K, 99% used [0x98b80000,0x98d7c4f8,0x98d80000)
  to   space 2048K, 0% used [0x98d80000,0x98d80000,0x98f80000)
 ParOldGen       total 32768K, used 3938K [0x77a00000, 0x79a00000, 0x97380000)
  object space 32768K, 12% used [0x77a00000,0x77dd89c0,0x79a00000)
 Metaspace       used 13193K, capacity 13405K, committed 13464K, reserved 13616K
}
Event: 17,412 GC heap before
{Heap before GC invocations=4 (full 0):
 PSYoungGen      total 26624K, used 26609K [0x97380000, 0x98f80000, 0xa7000000)
  eden space 24576K, 100% used [0x97380000,0x98b80000,0x98b80000)
  from space 2048K, 99% used [0x98b80000,0x98d7c4f8,0x98d80000)
  to   space 2048K, 0% used [0x98d80000,0x98d80000,0x98f80000)
 ParOldGen       total 32768K, used 3938K [0x77a00000, 0x79a00000, 0x97380000)
  object space 32768K, 12% used [0x77a00000,0x77dd89c0,0x79a00000)
 Metaspace       used 15754K, capacity 15965K, committed 16024K, reserved 16688K
Event: 17,433 GC heap after
Heap after GC invocations=4 (full 0):
 PSYoungGen      total 26624K, used 2042K [0x97380000, 0x9a780000, 0xa7000000)
  eden space 24576K, 0% used [0x97380000,0x97380000,0x98b80000)
  from space 2048K, 99% used [0x98d80000,0x98f7e900,0x98f80000)
  to   space 2048K, 0% used [0x98b80000,0x98b80000,0x98d80000)
 ParOldGen       total 32768K, used 7827K [0x77a00000, 0x79a00000, 0x97380000)
  object space 32768K, 23% used [0x77a00000,0x781a4e88,0x79a00000)
 Metaspace       used 15754K, capacity 15965K, committed 16024K, reserved 16688K
}
Event: 17,796 GC heap before
{Heap before GC invocations=5 (full 0):
 PSYoungGen      total 26624K, used 26618K [0x97380000, 0x9a780000, 0xa7000000)
  eden space 24576K, 100% used [0x97380000,0x98b80000,0x98b80000)
  from space 2048K, 99% used [0x98d80000,0x98f7e900,0x98f80000)
  to   space 2048K, 0% used [0x98b80000,0x98b80000,0x98d80000)
 ParOldGen       total 32768K, used 7827K [0x77a00000, 0x79a00000, 0x97380000)
  object space 32768K, 23% used [0x77a00000,0x781a4e88,0x79a00000)
 Metaspace       used 15775K, capacity 15997K, committed 16152K, reserved 16688K
Event: 17,814 GC heap after
Heap after GC invocations=5 (full 0):
 PSYoungGen      total 26624K, used 2041K [0x97380000, 0x9b100000, 0xa7000000)
  eden space 24576K, 0% used [0x97380000,0x97380000,0x98b80000)
  from space 2048K, 99% used [0x98b80000,0x98d7e4e8,0x98d80000)
  to   space 6912K, 0% used [0x9aa40000,0x9aa40000,0x9b100000)
 ParOldGen       total 32768K, used 7847K [0x77a00000, 0x79a00000, 0x97380000)
  object space 32768K, 23% used [0x77a00000,0x781a9e88,0x79a00000)
 Metaspace       used 15775K, capacity 15997K, committed 16152K, reserved 16688K
}
Event: 18,124 GC heap before
{Heap before GC invocations=6 (full 0):
 PSYoungGen      total 26624K, used 26617K [0x97380000, 0x9b100000, 0xa7000000)
  eden space 24576K, 100% used [0x97380000,0x98b80000,0x98b80000)
  from space 2048K, 99% used [0x98b80000,0x98d7e4e8,0x98d80000)
  to   space 6912K, 0% used [0x9aa40000,0x9aa40000,0x9b100000)
 ParOldGen       total 32768K, used 7847K [0x77a00000, 0x79a00000, 0x97380000)
  object space 32768K, 23% used [0x77a00000,0x781a9e88,0x79a00000)
 Metaspace       used 15782K, capacity 15997K, committed 16152K, reserved 16688K
Event: 18,142 GC heap after
Heap after GC invocations=6 (full 0):
 PSYoungGen      total 55552K, used 2040K [0x97380000, 0x9b080000, 0xa7000000)
  eden space 49152K, 0% used [0x97380000,0x97380000,0x9a380000)
  from space 6400K, 31% used [0x9aa40000,0x9ac3e0e0,0x9b080000)
  to   space 6656K, 0% used [0x9a380000,0x9a380000,0x9aa00000)
 ParOldGen       total 32768K, used 7847K [0x77a00000, 0x79a00000, 0x97380000)
  object space 32768K, 23% used [0x77a00000,0x781a9e88,0x79a00000)
 Metaspace       used 15782K, capacity 15997K, committed 16152K, reserved 16688K
}
Event: 18,658 GC heap before
{Heap before GC invocations=7 (full 0):
 PSYoungGen      total 55552K, used 51192K [0x97380000, 0x9b080000, 0xa7000000)
  eden space 49152K, 100% used [0x97380000,0x9a380000,0x9a380000)
  from space 6400K, 31% used [0x9aa40000,0x9ac3e0e0,0x9b080000)
  to   space 6656K, 0% used [0x9a380000,0x9a380000,0x9aa00000)
 ParOldGen       total 32768K, used 7847K [0x77a00000, 0x79a00000, 0x97380000)
  object space 32768K, 23% used [0x77a00000,0x781a9e88,0x79a00000)
 Metaspace       used 15788K, capacity 15997K, committed 16152K, reserved 16688K
Event: 18,695 GC heap after
Heap after GC invocations=7 (full 0):
 PSYoungGen      total 55808K, used 1162K [0x97380000, 0x9e080000, 0xa7000000)
  eden space 49152K, 0% used [0x97380000,0x97380000,0x9a380000)
  from space 6656K, 17% used [0x9a380000,0x9a4a2840,0x9aa00000)
  to   space 6656K, 0% used [0x9da00000,0x9da00000,0x9e080000)
 ParOldGen       total 32768K, used 8720K [0x77a00000, 0x79a00000, 0x97380000)
  object space 32768K, 26% used [0x77a00000,0x78284288,0x79a00000)
 Metaspace       used 15788K, capacity 15997K, committed 16152K, reserved 16688K
}

Deoptimization events (10 events):
Event: 15,965 Thread 0x08819400 Uncommon trap: reason=unstable_if action=reinterpret pc=0xa772226c method=java.io.UnixFileSystem.normalize(Ljava/lang/String;)Ljava/lang/String; @ 60
Event: 17,849 Thread 0x7775e000 Uncommon trap: reason=unstable_if action=reinterpret pc=0xa79d0844 method=java.lang.StrictMath.floorOrCeil(DDDD)D @ 115
Event: 17,849 Thread 0x7775e000 Uncommon trap: reason=unstable_if action=reinterpret pc=0xa7a17cf0 method=java.lang.StrictMath.floorOrCeil(DDDD)D @ 115
Event: 17,935 Thread 0x7775e000 Uncommon trap: reason=class_check action=maybe_recompile pc=0xa79d341c method=java.awt.Container.findComponentAtImpl(IIZ)Ljava/awt/Component; @ 216
Event: 17,939 Thread 0x7775e000 Uncommon trap: reason=class_check action=maybe_recompile pc=0xa79d341c method=java.awt.Container.findComponentAtImpl(IIZ)Ljava/awt/Component; @ 216
Event: 17,943 Thread 0x7775e000 Uncommon trap: reason=class_check action=maybe_recompile pc=0xa79d341c method=java.awt.Container.findComponentAtImpl(IIZ)Ljava/awt/Component; @ 216
Event: 17,946 Thread 0x7775e000 Uncommon trap: reason=class_check action=maybe_recompile pc=0xa79d341c method=java.awt.Container.findComponentAtImpl(IIZ)Ljava/awt/Component; @ 216
Event: 19,171 Thread 0x746d7000 Uncommon trap: reason=unstable_if action=reinterpret pc=0xa75a115c method=sun.awt.X11.XWindow.getModifiers(IIIIZ)I @ 17
Event: 21,257 Thread 0x73b25400 Uncommon trap: reason=unstable_if action=reinterpret pc=0xa7a826c4 method=jade.core.CaseInsensitiveString.equalsIgnoreCase(Ljava/lang/String;Ljava/lang/String;)Z @ 5
Event: 37,139 Thread 0x7775e000 Uncommon trap: reason=unstable_if action=reinterpret pc=0xa7a6ebb4 method=java.util.Hashtable.put(Ljava/lang/Object;Ljava/lang/Object;)Ljava/lang/Object; @ 63

Internal exceptions (10 events):
Event: 10,296 Thread 0x7775e000 Exception <a 'java/lang/UnsupportedOperationException': > (0x984d5478) thrown at [/HUDSON/workspace/8-2-build-linux-i586/jdk8u45/3457/hotspot/src/share/vm/prims/jni.cpp, line 735]
Event: 16,047 Thread 0x7775e000 Exception <a 'java/lang/UnsupportedOperationException': > (0x986b24f8) thrown at [/HUDSON/workspace/8-2-build-linux-i586/jdk8u45/3457/hotspot/src/share/vm/prims/jni.cpp, line 735]
Event: 21,229 Thread 0x73b17400 Exception <a 'java/lang/ArrayIndexOutOfBoundsException': 0> (0x981c24c8) thrown at [/HUDSON/workspace/8-2-build-linux-i586/jdk8u45/3457/hotspot/src/share/vm/interpreter/interpreterRuntime.cpp, line 366]
Event: 21,257 Thread 0x73b25400 Implicit null exception at 0xa7a82632 to 0xa7a826b5
Event: 34,019 Thread 0x7775e000 Exception <a 'java/lang/UnsupportedOperationException': > (0x98386980) thrown at [/HUDSON/workspace/8-2-build-linux-i586/jdk8u45/3457/hotspot/src/share/vm/prims/jni.cpp, line 735]
Event: 35,514 Thread 0x7775e000 Exception <a 'java/lang/UnsupportedOperationException': > (0x983e3248) thrown at [/HUDSON/workspace/8-2-build-linux-i586/jdk8u45/3457/hotspot/src/share/vm/prims/jni.cpp, line 735]
Event: 45,513 Thread 0x73b17400 Exception <a 'java/lang/ArrayIndexOutOfBoundsException': 0> (0x9822a920) thrown at [/HUDSON/workspace/8-2-build-linux-i586/jdk8u45/3457/hotspot/src/share/vm/interpreter/interpreterRuntime.cpp, line 366]
Event: 117,159 Thread 0x73b25400 Exception <a 'java/lang/InterruptedException'> (0x9816bdd0) thrown at [/HUDSON/workspace/8-2-build-linux-i586/jdk8u45/3457/hotspot/src/share/vm/runtime/objectMonitor.cpp, line 1683]
Event: 117,181 Thread 0x0877ac00 Exception <a 'java/lang/InterruptedException'> (0x985106f8) thrown at [/HUDSON/workspace/8-2-build-linux-i586/jdk8u45/3457/hotspot/src/share/vm/runtime/objectMonitor.cpp, line 1683]
Event: 117,187 Thread 0x70f76000 Exception <a 'java/lang/InterruptedException'> (0x982b2ce0) thrown at [/HUDSON/workspace/8-2-build-linux-i586/jdk8u45/3457/hotspot/src/share/vm/runtime/objectMonitor.cpp, line 1683]

Events (10 events):
Event: 117,169 Thread 0x7526d400 flushing nmethod 0xa7945b88
Event: 117,169 Thread 0x7526d400 flushing nmethod 0xa79469c8
Event: 117,178 Executing VM operation: RevokeBias
Event: 117,180 Executing VM operation: RevokeBias done
Event: 117,181 Executing VM operation: RevokeBias
Event: 117,182 Executing VM operation: RevokeBias done
Event: 117,183 Thread 0x0877ac00 Thread exited: 0x0877ac00
Event: 117,184 Executing VM operation: RevokeBias
Event: 117,187 Executing VM operation: RevokeBias done
Event: 117,188 Thread 0x70f76000 Thread exited: 0x70f76000


Dynamic libraries:
08048000-08049000 r-xp 00000000 08:01 10356964   /usr/lib/jvm/java-8-oracle/bin/java
08049000-0804a000 rw-p 00000000 08:01 10356964   /usr/lib/jvm/java-8-oracle/bin/java
086b6000-08c86000 rw-p 00000000 00:00 0          [heap]
709bc000-709bf000 ---p 00000000 00:00 0 
709bf000-70a0d000 rw-p 00000000 00:00 0 
70a0d000-70a10000 ---p 00000000 00:00 0 
70a10000-70a5e000 rw-p 00000000 00:00 0          [stack:8271]
70a5e000-70a61000 ---p 00000000 00:00 0 
70a61000-70aaf000 rw-p 00000000 00:00 0 
70aaf000-70ab2000 ---p 00000000 00:00 0 
70ab2000-70bba000 rw-p 00000000 00:00 0 
70bba000-70c00000 ---p 00000000 00:00 0 
70c00000-70d00000 rw-p 00000000 00:00 0 
70d00000-70d2b000 rw-p 00000000 00:00 0 
70d2b000-70e00000 ---p 00000000 00:00 0 
70e00000-70f00000 rw-p 00000000 00:00 0 
70f00000-710f8000 rw-p 00000000 00:00 0 
710f8000-71100000 ---p 00000000 00:00 0 
71100000-71200000 rw-p 00000000 00:00 0 
7123d000-71240000 ---p 00000000 00:00 0 
71240000-7128e000 rw-p 00000000 00:00 0 
7128e000-71291000 ---p 00000000 00:00 0 
71291000-713df000 rw-p 00000000 00:00 0 
713df000-713e2000 ---p 00000000 00:00 0 
713e2000-71430000 rw-p 00000000 00:00 0          [stack:8240]
71430000-71431000 ---p 00000000 00:00 0 
71431000-71c31000 rw-p 00000000 00:00 0          [stack:8237]
71c31000-71c32000 ---p 00000000 00:00 0 
71c32000-72432000 rw-p 00000000 00:00 0 
72432000-72435000 ---p 00000000 00:00 0 
72435000-72c33000 rw-p 00000000 00:00 0 
72c33000-72c67000 r-xp 00000000 08:01 12720778   /usr/lib/jvm/java-8-oracle/jre/lib/i386/libjpeg.so
72c67000-72c68000 rw-p 00033000 08:01 12720778   /usr/lib/jvm/java-8-oracle/jre/lib/i386/libjpeg.so
72c68000-72d68000 rw-p 00000000 00:00 0 
72d68000-72d83000 r--s 00000000 08:01 11274357   /usr/share/fonts/type1/gsfonts/p052004l.pfb
72d83000-72d93000 r--s 00000000 08:01 11274273   /usr/share/fonts/type1/gsfonts/a010033l.pfb
72d93000-72da5000 r--s 00000000 08:01 11274318   /usr/share/fonts/type1/gsfonts/n019043l.pfb
72da5000-72dc0000 r--s 00000000 08:01 11274294   /usr/share/fonts/type1/gsfonts/c059016l.pfb
72dc0000-72dd8000 r--s 00000000 08:01 11274342   /usr/share/fonts/type1/gsfonts/n022003l.pfb
72dd8000-72df1000 r--s 00000000 08:01 11274279   /usr/share/fonts/type1/gsfonts/b018012l.pfb
72df1000-72e0a000 r--s 00000000 08:01 11274345   /usr/share/fonts/type1/gsfonts/n022004l.pfb
72e0a000-72e22000 r--s 00000000 08:01 11274297   /usr/share/fonts/type1/gsfonts/c059033l.pfb
72e22000-72e3d000 r--s 00000000 08:01 11274354   /usr/share/fonts/type1/gsfonts/p052003l.pfb
72e3d000-72e53000 r--s 00000000 08:01 11274348   /usr/share/fonts/type1/gsfonts/n022023l.pfb
72e53000-72e6d000 r--s 00000000 08:01 11274291   /usr/share/fonts/type1/gsfonts/c059013l.pfb
72e6d000-72e89000 r--s 00000000 08:01 11274363   /usr/share/fonts/type1/gsfonts/p052024l.pfb
72e89000-72ea2000 r--s 00000000 08:01 11274330   /usr/share/fonts/type1/gsfonts/n021003l.pfb
72ea2000-72eb4000 r--s 00000000 08:01 11274309   /usr/share/fonts/type1/gsfonts/n019004l.pfb
72eb4000-72ebe000 r--s 00000000 08:01 11273565   /usr/share/fonts/X11/Type1/c0419bt_.pfb
72ebe000-72ec8000 r--s 00000000 08:01 11274372   /usr/share/fonts/type1/mathml/Symbol.pfb
72ec8000-72ed2000 r--s 00000000 08:01 11273569   /usr/share/fonts/X11/Type1/c0583bt_.pfb
72ed2000-72edc000 r--s 00000000 08:01 11273571   /usr/share/fonts/X11/Type1/c0611bt_.pfb
72edc000-72ef1000 r--s 00000000 08:01 11274285   /usr/share/fonts/type1/gsfonts/b018032l.pfb
72ef1000-72f02000 r--s 00000000 08:01 11274312   /usr/share/fonts/type1/gsfonts/n019023l.pfb
72f02000-72f14000 r--s 00000000 08:01 11274321   /usr/share/fonts/type1/gsfonts/n019044l.pfb
72f14000-72f1d000 r--s 00000000 08:01 11273577   /usr/share/fonts/X11/Type1/c0648bt_.pfb
72f1d000-72f26000 r--s 00000000 08:01 11273573   /usr/share/fonts/X11/Type1/c0632bt_.pfb
72f26000-72f3c000 r--s 00000000 08:01 11274351   /usr/share/fonts/type1/gsfonts/n022024l.pfb
72f3c000-72f4c000 r--s 00000000 08:01 11274270   /usr/share/fonts/type1/gsfonts/a010015l.pfb
72f4c000-72f55000 r--s 00000000 08:01 11273575   /usr/share/fonts/X11/Type1/c0633bt_.pfb
72f55000-72f66000 r--s 00000000 08:01 11274315   /usr/share/fonts/type1/gsfonts/n019024l.pfb
72f66000-72f79000 r--s 00000000 08:01 11274327   /usr/share/fonts/type1/gsfonts/n019064l.pfb
72f79000-72f90000 r--s 00000000 08:01 11274369   /usr/share/fonts/type1/gsfonts/z003034l.pfb
72f90000-72fa0000 r--s 00000000 08:01 11274267   /usr/share/fonts/type1/gsfonts/a010013l.pfb
72fa0000-72fb4000 r--s 00000000 08:01 11274306   /usr/share/fonts/type1/gsfonts/n019003l.pfb
72fb4000-72fc7000 r--s 00000000 08:01 11274282   /usr/share/fonts/type1/gsfonts/b018015l.pfb
72fc7000-72fde000 r--s 00000000 08:01 11274336   /usr/share/fonts/type1/gsfonts/n021023l.pfb
72fde000-72fe8000 r--s 00000000 08:01 11273567   /usr/share/fonts/X11/Type1/c0582bt_.pfb
72fe8000-73001000 r--s 00000000 08:01 11274333   /usr/share/fonts/type1/gsfonts/n021004l.pfb
73001000-7301c000 r--s 00000000 08:01 11274360   /usr/share/fonts/type1/gsfonts/p052023l.pfb
7301c000-7302d000 r--s 00000000 08:01 11274324   /usr/share/fonts/type1/gsfonts/n019063l.pfb
7302d000-73043000 r--s 00000000 08:01 11274339   /usr/share/fonts/type1/gsfonts/n021024l.pfb
73043000-73055000 r--s 00000000 08:01 11274288   /usr/share/fonts/type1/gsfonts/b018035l.pfb
73055000-7305e000 r--s 00000000 08:01 11274366   /usr/share/fonts/type1/gsfonts/s050000l.pfb
7305e000-73061000 ---p 00000000 00:00 0 
73061000-730af000 rw-p 00000000 00:00 0          [stack:8267]
730af000-730b2000 ---p 00000000 00:00 0 
730b2000-73100000 rw-p 00000000 00:00 0 
73100000-7314d000 rw-p 00000000 00:00 0 
7314d000-73200000 ---p 00000000 00:00 0 
73207000-73213000 r--s 00000000 08:01 11274303   /usr/share/fonts/type1/gsfonts/d050000l.pfb
73213000-73224000 r--s 00000000 08:01 11274276   /usr/share/fonts/type1/gsfonts/a010035l.pfb
73224000-7322d000 r--s 00000000 08:01 11273579   /usr/share/fonts/X11/Type1/c0649bt_.pfb
7322d000-7328d000 r-xp 00000000 08:01 12720808   /usr/lib/jvm/java-8-oracle/jre/lib/i386/libt2k.so
7328d000-73291000 rw-p 00060000 08:01 12720808   /usr/lib/jvm/java-8-oracle/jre/lib/i386/libt2k.so
73291000-73295000 rw-p 00000000 00:00 0 
73295000-73296000 r--s 00000000 08:01 4995175    /var/cache/fontconfig/c05880de57d1f5e948fdfacc138775d9-le32d4.cache-4
73296000-7329e000 r--s 00000000 08:01 4988304    /var/cache/fontconfig/945677eb7aeaf62f1d50efc3fb3ec7d8-le32d4.cache-4
7329e000-732a0000 r--s 00000000 08:01 4995173    /var/cache/fontconfig/99e8ed0e538f840c565b6ed5dad60d56-le32d4.cache-4
732a0000-732a6000 r--s 00000000 08:01 4995172    /var/cache/fontconfig/a6d8cf8e4ec09cdbc8633c31745a07dd-le32d4.cache-4
732a6000-732aa000 r--s 00000000 08:01 4995171    /var/cache/fontconfig/2cd17615ca594fa2959ae173292e504c-le32d4.cache-4
732aa000-732ab000 r--s 00000000 08:01 4995169    /var/cache/fontconfig/0d8c3b2ac0904cb8a57a757ad11a4a08-le32d4.cache-4
732ab000-732b0000 r--s 00000000 08:01 4995168    /var/cache/fontconfig/a755afe4a08bf5b97852ceb7400b47bc-le32d4.cache-4
732b0000-732b3000 r--s 00000000 08:01 4995167    /var/cache/fontconfig/6d41288fd70b0be22e8c3a91e032eec0-le32d4.cache-4
732b3000-732b4000 r--s 00000000 08:01 4995166    /var/cache/fontconfig/a6354e3ac43af67bd8d7b8e43c34e49f-le32d4.cache-4
732b4000-732c4000 r--s 00000000 08:01 4995165    /var/cache/fontconfig/04aabc0a78ac019cf9454389977116d2-le32d4.cache-4
732c4000-732c5000 r--s 00000000 08:01 4995163    /var/cache/fontconfig/1ac9eb803944fde146138c791f5cc56a-le32d4.cache-4
732c5000-732c8000 r--s 00000000 08:01 4995162    /var/cache/fontconfig/385c0604a188198f04d133e54aba7fe7-le32d4.cache-4
732c8000-732c9000 r--s 00000000 08:01 4995161    /var/cache/fontconfig/dc05db6664285cc2f12bf69c139ae4c3-le32d4.cache-4
732c9000-732cd000 r--s 00000000 08:01 4995158    /var/cache/fontconfig/8801497958630a81b71ace7c5f9b32a8-le32d4.cache-4
732cd000-732fc000 r--s 00000000 08:01 4995157    /var/cache/fontconfig/365b55f210c0a22e9a19e35191240f32-le32d4.cache-4
732fc000-73301000 r--s 00000000 08:01 4995155    /var/cache/fontconfig/3047814df9a2f067bd2d96a2b9c36e5a-le32d4.cache-4
73301000-73308000 r--s 00000000 08:01 4995151    /var/cache/fontconfig/52f7bdb7ce746bfd7eaa1985bd9cfa93-le32d4.cache-4
7330f000-73327000 r--s 00000000 08:01 11274300   /usr/share/fonts/type1/gsfonts/c059036l.pfb
73327000-73427000 rw-p 00000000 00:00 0 
73427000-73527000 rw-p 00000000 00:00 0 
73527000-7352a000 ---p 00000000 00:00 0 
7352a000-73578000 rw-p 00000000 00:00 0          [stack:8232]
73578000-7357b000 ---p 00000000 00:00 0 
7357b000-736c9000 rw-p 00000000 00:00 0          [stack:8231]
736c9000-737c9000 rw-p 00000000 00:00 0 
737c9000-737cc000 ---p 00000000 00:00 0 
737cc000-7381a000 rw-p 00000000 00:00 0 
7381a000-7381d000 ---p 00000000 00:00 0 
7381d000-7386b000 rw-p 00000000 00:00 0          [stack:8229]
7386b000-7386e000 ---p 00000000 00:00 0 
7386e000-738bc000 rw-p 00000000 00:00 0          [stack:8228]
738bc000-738bf000 ---p 00000000 00:00 0 
738bf000-73a0d000 rw-p 00000000 00:00 0          [stack:8274]
73a0d000-73a10000 ---p 00000000 00:00 0 
73a10000-73a5e000 rw-p 00000000 00:00 0          [stack:8226]
73a5e000-73a61000 ---p 00000000 00:00 0 
73a61000-73aaf000 rw-p 00000000 00:00 0          [stack:8225]
73aaf000-73ab2000 ---p 00000000 00:00 0 
73ab2000-73b00000 rw-p 00000000 00:00 0          [stack:8224]
73b00000-73b3c000 rw-p 00000000 00:00 0 
73b3c000-73c00000 ---p 00000000 00:00 0 
73c00000-73c02000 r--s 00000000 08:01 4995160    /var/cache/fontconfig/767a8244fc0220cfb567a839d0392e0b-le32d4.cache-4
73c02000-73c03000 r--s 00000000 08:01 4995159    /var/cache/fontconfig/4794a0821666d79190d59a36cb4f44b5-le32d4.cache-4
73c05000-73c09000 rw-s 00000000 00:05 11763730   /SYSV00000000 (deleted)
73c09000-73c1c000 r--s 00344000 08:01 10882096   /usr/lib/jvm/java-8-oracle/jre/lib/resources.jar
73c1c000-73c2b000 r-xp 00000000 08:01 12720787   /usr/lib/jvm/java-8-oracle/jre/lib/i386/libnio.so
73c2b000-73c2c000 rw-p 0000e000 08:01 12720787   /usr/lib/jvm/java-8-oracle/jre/lib/i386/libnio.so
73c2c000-73c2f000 ---p 00000000 00:00 0 
73c2f000-73c7d000 rw-p 00000000 00:00 0          [stack:8223]
73c7d000-73c80000 ---p 00000000 00:00 0 
73c80000-73cce000 rw-p 00000000 00:00 0          [stack:8222]
73cce000-73d3e000 r-xp 00000000 08:01 8782950    /lib/i386-linux-gnu/libpcre.so.3.13.1
73d3e000-73d3f000 r--p 0006f000 08:01 8782950    /lib/i386-linux-gnu/libpcre.so.3.13.1
73d3f000-73d40000 rw-p 00070000 08:01 8782950    /lib/i386-linux-gnu/libpcre.so.3.13.1
73d40000-73d54000 r-xp 00000000 08:01 8783020    /lib/i386-linux-gnu/libresolv-2.21.so
73d54000-73d56000 r--p 00013000 08:01 8783020    /lib/i386-linux-gnu/libresolv-2.21.so
73d56000-73d57000 rw-p 00015000 08:01 8783020    /lib/i386-linux-gnu/libresolv-2.21.so
73d57000-73d59000 rw-p 00000000 00:00 0 
73d59000-73d7d000 r-xp 00000000 08:01 8782964    /lib/i386-linux-gnu/libselinux.so.1
73d7d000-73d7e000 r--p 00024000 08:01 8782964    /lib/i386-linux-gnu/libselinux.so.1
73d7e000-73d7f000 rw-p 00025000 08:01 8782964    /lib/i386-linux-gnu/libselinux.so.1
73d7f000-73d80000 rw-p 00000000 00:00 0 
73d80000-73d99000 r-xp 00000000 08:01 8784076    /lib/i386-linux-gnu/libz.so.1.2.8
73d99000-73d9a000 r--p 00019000 08:01 8784076    /lib/i386-linux-gnu/libz.so.1.2.8
73d9a000-73d9b000 rw-p 0001a000 08:01 8784076    /lib/i386-linux-gnu/libz.so.1.2.8
73d9b000-73dba000 r-xp 00000000 08:01 10223751   /usr/lib/i386-linux-gnu/libdbusmenu-glib.so.4.0.12
73dba000-73dbb000 r--p 0001e000 08:01 10223751   /usr/lib/i386-linux-gnu/libdbusmenu-glib.so.4.0.12
73dbb000-73dbc000 rw-p 0001f000 08:01 10223751   /usr/lib/i386-linux-gnu/libdbusmenu-glib.so.4.0.12
73dbc000-73ee2000 r-xp 00000000 08:01 8782889    /lib/i386-linux-gnu/libglib-2.0.so.0.4400.0
73ee2000-73ee3000 r--p 00125000 08:01 8782889    /lib/i386-linux-gnu/libglib-2.0.so.0.4400.0
73ee3000-73ee4000 rw-p 00126000 08:01 8782889    /lib/i386-linux-gnu/libglib-2.0.so.0.4400.0
73ee4000-73f3f000 r-xp 00000000 08:01 10224856   /usr/lib/i386-linux-gnu/libgobject-2.0.so.0.4400.0
73f3f000-73f40000 r--p 0005b000 08:01 10224856   /usr/lib/i386-linux-gnu/libgobject-2.0.so.0.4400.0
73f40000-73f41000 rw-p 0005c000 08:01 10224856   /usr/lib/i386-linux-gnu/libgobject-2.0.so.0.4400.0
73f41000-740fa000 r-xp 00000000 08:01 10224894   /usr/lib/i386-linux-gnu/libgio-2.0.so.0.4400.0
740fa000-740fd000 r--p 001b8000 08:01 10224894   /usr/lib/i386-linux-gnu/libgio-2.0.so.0.4400.0
740fd000-740ff000 rw-p 001bb000 08:01 10224894   /usr/lib/i386-linux-gnu/libgio-2.0.so.0.4400.0
740ff000-74100000 rw-p 00000000 00:00 0 
74100000-74200000 rw-p 00000000 00:00 0 
74200000-74201000 r--s 00000000 08:01 4995156    /var/cache/fontconfig/bab58bb527bb656aaa9f116d68a48d89-le32d4.cache-4
74201000-74202000 r--s 00000000 08:01 4995154    /var/cache/fontconfig/56cf4f4769d0f4abc89a4895d7bd3ae1-le32d4.cache-4
74202000-74206000 r--s 00000000 08:01 4995152    /var/cache/fontconfig/b47c4e1ecd0709278f4910c18777a504-le32d4.cache-4
74206000-74216000 r--s 00000000 08:01 4995150    /var/cache/fontconfig/d52a8644073d54c13679302ca1180695-le32d4.cache-4
74216000-7421e000 r--s 00000000 08:01 4995148    /var/cache/fontconfig/3f7329c5293ffd510edef78f73874cfd-le32d4.cache-4
7421e000-74228000 r--s 00000000 08:01 4994030    /var/cache/fontconfig/e13b20fdb08344e0e664864cc2ede53d-le32d4.cache-4
74228000-7422b000 ---p 00000000 00:00 0 
7422b000-74279000 rw-p 00000000 00:00 0          [stack:8221]
74279000-7427c000 ---p 00000000 00:00 0 
7427c000-743ca000 rw-p 00000000 00:00 0          [stack:8220]
743ca000-743e6000 r-xp 00000000 08:01 8781876    /lib/i386-linux-gnu/libgcc_s.so.1
743e6000-743e7000 rw-p 0001b000 08:01 8781876    /lib/i386-linux-gnu/libgcc_s.so.1
743e7000-74448000 r-xp 00000000 08:01 12720797   /usr/lib/jvm/java-8-oracle/jre/lib/i386/libfontmanager.so
74448000-7444b000 rw-p 00060000 08:01 12720797   /usr/lib/jvm/java-8-oracle/jre/lib/i386/libfontmanager.so
7444b000-7454f000 rw-p 00000000 00:00 0 
7454f000-745d5000 r-xp 00000000 08:01 12720780   /usr/lib/jvm/java-8-oracle/jre/lib/i386/libawt.so
745d5000-745dc000 rw-p 00086000 08:01 12720780   /usr/lib/jvm/java-8-oracle/jre/lib/i386/libawt.so
745dc000-74600000 rw-p 00000000 00:00 0 
74600000-746ff000 rw-p 00000000 00:00 0 
746ff000-74700000 ---p 00000000 00:00 0 
74700000-74709000 r-xp 00000000 08:01 10228936   /usr/lib/i386-linux-gnu/libXcursor.so.1.0.2
74709000-7470a000 r--p 00008000 08:01 10228936   /usr/lib/i386-linux-gnu/libXcursor.so.1.0.2
7470a000-7470b000 rw-p 00009000 08:01 10228936   /usr/lib/i386-linux-gnu/libXcursor.so.1.0.2
7470b000-7471b000 r-xp 00000000 08:01 10228943   /usr/lib/i386-linux-gnu/libXi.so.6.1.0
7471b000-7471c000 r--p 00010000 08:01 10228943   /usr/lib/i386-linux-gnu/libXi.so.6.1.0
7471c000-7471d000 rw-p 00011000 08:01 10228943   /usr/lib/i386-linux-gnu/libXi.so.6.1.0
7471d000-74727000 r-xp 00000000 08:01 10223768   /usr/lib/i386-linux-gnu/libXrender.so.1.3.0
74727000-74728000 r--p 00009000 08:01 10223768   /usr/lib/i386-linux-gnu/libXrender.so.1.3.0
74728000-74729000 rw-p 0000a000 08:01 10223768   /usr/lib/i386-linux-gnu/libXrender.so.1.3.0
74729000-7473c000 r-xp 00000000 08:01 10231554   /usr/lib/i386-linux-gnu/libXext.so.6.4.0
7473c000-7473d000 r--p 00012000 08:01 10231554   /usr/lib/i386-linux-gnu/libXext.so.6.4.0
7473d000-7473e000 rw-p 00013000 08:01 10231554   /usr/lib/i386-linux-gnu/libXext.so.6.4.0
7473e000-74747000 r--s 00000000 08:01 4995147    /var/cache/fontconfig/d589a48862398ed80a3d6066f4f56f4c-le32d4.cache-4
74747000-7474e000 r-xp 00000000 08:01 10224596   /usr/lib/i386-linux-gnu/libffi.so.6.0.4
7474e000-74750000 r--p 00006000 08:01 10224596   /usr/lib/i386-linux-gnu/libffi.so.6.0.4
74750000-74751000 rw-p 00008000 08:01 10224596   /usr/lib/i386-linux-gnu/libffi.so.6.0.4
74751000-74754000 r-xp 00000000 08:01 10224871   /usr/lib/i386-linux-gnu/libgmodule-2.0.so.0.4400.0
74754000-74755000 r--p 00002000 08:01 10224871   /usr/lib/i386-linux-gnu/libgmodule-2.0.so.0.4400.0
74755000-74756000 rw-p 00003000 08:01 10224871   /usr/lib/i386-linux-gnu/libgmodule-2.0.so.0.4400.0
74756000-7475c000 r-xp 00000000 08:01 10355678   /usr/lib/jayatana/libjayatana.so
7475c000-7475d000 r--p 00005000 08:01 10355678   /usr/lib/jayatana/libjayatana.so
7475d000-7475e000 rw-p 00006000 08:01 10355678   /usr/lib/jayatana/libjayatana.so
7475e000-747aa000 r-xp 00000000 08:01 12720793   /usr/lib/jvm/java-8-oracle/jre/lib/i386/libawt_xawt.so
747aa000-747ac000 rw-p 0004c000 08:01 12720793   /usr/lib/jvm/java-8-oracle/jre/lib/i386/libawt_xawt.so
747ac000-747ad000 rw-p 00000000 00:00 0 
747ad000-747b0000 ---p 00000000 00:00 0 
747b0000-747fe000 rw-p 00000000 00:00 0          [stack:8219]
747fe000-74801000 ---p 00000000 00:00 0 
74801000-7484f000 rw-p 00000000 00:00 0          [stack:8218]
7484f000-74852000 ---p 00000000 00:00 0 
74852000-748a0000 rw-p 00000000 00:00 0          [stack:8217]
748a0000-748a3000 ---p 00000000 00:00 0 
748a3000-74ab2000 rw-p 00000000 00:00 0          [stack:8216]
74ab2000-74ab3000 ---p 00000000 00:00 0 
74ab3000-74b33000 rw-p 00000000 00:00 0          [stack:8215]
74b33000-74b36000 ---p 00000000 00:00 0 
74b36000-74b84000 rw-p 00000000 00:00 0          [stack:8214]
74b84000-74b87000 ---p 00000000 00:00 0 
74b87000-74c05000 rw-p 00000000 00:00 0          [stack:8213]
74c05000-74c08000 ---p 00000000 00:00 0 
74c08000-74c86000 rw-p 00000000 00:00 0          [stack:8212]
74c86000-74ca6000 r-xp 00000000 08:01 10229993   /usr/lib/i386-linux-gnu/libxcb.so.1.1.0
74ca6000-74ca7000 r--p 0001f000 08:01 10229993   /usr/lib/i386-linux-gnu/libxcb.so.1.1.0
74ca7000-74ca8000 rw-p 00020000 08:01 10229993   /usr/lib/i386-linux-gnu/libxcb.so.1.1.0
74ca8000-74def000 r-xp 00000000 08:01 10225934   /usr/lib/i386-linux-gnu/libX11.so.6.3.0
74def000-74df0000 r--p 00146000 08:01 10225934   /usr/lib/i386-linux-gnu/libX11.so.6.3.0
74df0000-74df2000 rw-p 00147000 08:01 10225934   /usr/lib/i386-linux-gnu/libX11.so.6.3.0
74df2000-74df3000 rw-p 00000000 00:00 0 
74df3000-74df6000 ---p 00000000 00:00 0 
74df6000-74e44000 rw-p 00000000 00:00 0          [stack:8211]
74e44000-74faf000 r--p 002c8000 08:01 10223922   /usr/lib/locale/locale-archive
74faf000-751af000 r--p 00000000 08:01 10223922   /usr/lib/locale/locale-archive
751af000-751b2000 ---p 00000000 00:00 0 
751b2000-75200000 rw-p 00000000 00:00 0          [stack:8210]
75200000-75300000 rw-p 00000000 00:00 0 
75300000-75301000 r--s 00000000 08:01 4995153    /var/cache/fontconfig/b9d506c9ac06c20b433354fa67a72993-le32d4.cache-4
75301000-75302000 r--s 00000000 08:01 4995149    /var/cache/fontconfig/551ecf3b0e8b0bca0f25c0944f561853-le32d4.cache-4
75302000-75307000 r-xp 00000000 08:01 10228937   /usr/lib/i386-linux-gnu/libXfixes.so.3.1.0
75307000-75308000 r--p 00004000 08:01 10228937   /usr/lib/i386-linux-gnu/libXfixes.so.3.1.0
75308000-75309000 rw-p 00005000 08:01 10228937   /usr/lib/i386-linux-gnu/libXfixes.so.3.1.0
75309000-75314000 r--s 00116000 08:01 12720844   /usr/lib/jvm/java-8-oracle/jre/lib/ext/localedata.jar
75314000-75317000 ---p 00000000 00:00 0 
75317000-75365000 rw-p 00000000 00:00 0          [stack:8209]
75365000-75366000 ---p 00000000 00:00 0 
75366000-75435000 rw-p 00000000 00:00 0          [stack:8208]
75435000-7560e000 r--s 03d09000 08:01 10882102   /usr/lib/jvm/java-8-oracle/jre/lib/rt.jar
7560e000-75a54000 rw-p 00000000 00:00 0 
75a54000-75a5a000 ---p 00000000 00:00 0 
75a5a000-77500000 rw-p 00000000 00:00 0 
77500000-775fe000 rw-p 00000000 00:00 0 
775fe000-77600000 ---p 00000000 00:00 0 
77600000-77601000 r--s 00000000 08:01 4995146    /var/cache/fontconfig/0c9eb80ebd1c36541ebe2852d3bb0c49-le32d4.cache-4
77601000-77606000 r-xp 00000000 08:01 10228970   /usr/lib/i386-linux-gnu/libXtst.so.6.1.0
77606000-77607000 r--p 00004000 08:01 10228970   /usr/lib/i386-linux-gnu/libXtst.so.6.1.0
77607000-77608000 rw-p 00005000 08:01 10228970   /usr/lib/i386-linux-gnu/libXtst.so.6.1.0
77608000-77624000 r--s 00393000 08:01 12720840   /usr/lib/jvm/java-8-oracle/jre/lib/ext/cldrdata.jar
77624000-7767f000 rw-p 00000000 00:00 0 
7767f000-77680000 ---p 00000000 00:00 0 
77680000-77700000 rw-p 00000000 00:00 0          [stack:8207]
77700000-777f9000 rw-p 00000000 00:00 0 
777f9000-77800000 ---p 00000000 00:00 0 
77800000-77803000 r--s 00000000 08:01 4983380    /var/cache/fontconfig/7ef2298fde41cc6eeb7af42e48b7d293-le32d4.cache-4
77803000-77804000 ---p 00000000 00:00 0 
77804000-77894000 rw-p 00000000 00:00 0          [stack:8206]
77894000-77980000 ---p 00000000 00:00 0 
77980000-779b8000 rw-p 00000000 00:00 0 
779b8000-779ff000 ---p 00000000 00:00 0 
779ff000-79a00000 rw-p 00000000 00:00 0 
79a00000-97380000 ---p 00000000 00:00 0 
97380000-9e080000 rw-p 00000000 00:00 0 
9e080000-a7000000 ---p 00000000 00:00 0 
a7000000-a7001000 r-xp 00000000 08:01 12720799   /usr/lib/jvm/java-8-oracle/jre/lib/i386/libjawt.so
a7001000-a7002000 rw-p 00000000 08:01 12720799   /usr/lib/jvm/java-8-oracle/jre/lib/i386/libjawt.so
a7002000-a7017000 r-xp 00000000 08:01 12720831   /usr/lib/jvm/java-8-oracle/jre/lib/i386/libnet.so
a7017000-a7018000 rw-p 00014000 08:01 12720831   /usr/lib/jvm/java-8-oracle/jre/lib/i386/libnet.so
a7018000-a7043000 r--s 0025e000 08:01 10752021   /home/tyran53red/Eclipse/MASCode/MAS_L/MAS_Labs/lib/jade.jar
a7043000-a7053000 rw-p 00000000 00:00 0 
a7053000-a7140000 ---p 00000000 00:00 0 
a7140000-a7158000 rw-p 00000000 00:00 0 
a7158000-a7500000 ---p 00000000 00:00 0 
a7500000-a7ae8000 rwxp 00000000 00:00 0 
a7ae8000-b6500000 ---p 00000000 00:00 0 
b6500000-b65f9000 rw-p 00000000 00:00 0 
b65f9000-b6600000 ---p 00000000 00:00 0 
b6600000-b6605000 r-xp 00000000 08:01 10225961   /usr/lib/i386-linux-gnu/libXdmcp.so.6.0.0
b6605000-b6606000 r--p 00004000 08:01 10225961   /usr/lib/i386-linux-gnu/libXdmcp.so.6.0.0
b6606000-b6607000 rw-p 00005000 08:01 10225961   /usr/lib/i386-linux-gnu/libXdmcp.so.6.0.0
b6607000-b6609000 r-xp 00000000 08:01 10228929   /usr/lib/i386-linux-gnu/libXau.so.6.0.0
b6609000-b660a000 r--p 00001000 08:01 10228929   /usr/lib/i386-linux-gnu/libXau.so.6.0.0
b660a000-b660b000 rw-p 00002000 08:01 10228929   /usr/lib/i386-linux-gnu/libXau.so.6.0.0
b660b000-b660d000 r-xp 00000000 08:01 10355677   /usr/lib/jayatana/libjayatanaag.so
b660d000-b660e000 r--p 00001000 08:01 10355677   /usr/lib/jayatana/libjayatanaag.so
b660e000-b660f000 rw-p 00002000 08:01 10355677   /usr/lib/jayatana/libjayatanaag.so
b660f000-b6621000 rw-p 00000000 00:00 0 
b6621000-b662d000 r-xp 00000000 08:01 8782725    /lib/i386-linux-gnu/libnss_files-2.21.so
b662d000-b662e000 r--p 0000b000 08:01 8782725    /lib/i386-linux-gnu/libnss_files-2.21.so
b662e000-b662f000 rw-p 0000c000 08:01 8782725    /lib/i386-linux-gnu/libnss_files-2.21.so
b662f000-b663a000 r-xp 00000000 08:01 8782729    /lib/i386-linux-gnu/libnss_nis-2.21.so
b663a000-b663b000 r--p 0000a000 08:01 8782729    /lib/i386-linux-gnu/libnss_nis-2.21.so
b663b000-b663c000 rw-p 0000b000 08:01 8782729    /lib/i386-linux-gnu/libnss_nis-2.21.so
b663c000-b6653000 r-xp 00000000 08:01 8782733    /lib/i386-linux-gnu/libnsl-2.21.so
b6653000-b6654000 r--p 00016000 08:01 8782733    /lib/i386-linux-gnu/libnsl-2.21.so
b6654000-b6655000 rw-p 00017000 08:01 8782733    /lib/i386-linux-gnu/libnsl-2.21.so
b6655000-b6657000 rw-p 00000000 00:00 0 
b6657000-b665f000 r-xp 00000000 08:01 8782727    /lib/i386-linux-gnu/libnss_compat-2.21.so
b665f000-b6660000 r--p 00007000 08:01 8782727    /lib/i386-linux-gnu/libnss_compat-2.21.so
b6660000-b6661000 rw-p 00008000 08:01 8782727    /lib/i386-linux-gnu/libnss_compat-2.21.so
b6661000-b6663000 r--s 00006000 08:01 10618489   /usr/share/java/jayatana.jar
b6663000-b6664000 r--s 00000000 08:01 10619664   /usr/share/java/jayatanaag.jar
b6664000-b6666000 r--s 0000a000 08:01 10752022   /home/tyran53red/Eclipse/MASCode/MAS_L/MAS_Labs/lib/commons-codec-1.3.jar
b6666000-b6667000 r--p 002c5000 08:01 10223922   /usr/lib/locale/locale-archive
b6667000-b6680000 r-xp 00000000 08:01 12720833   /usr/lib/jvm/java-8-oracle/jre/lib/i386/libzip.so
b6680000-b6681000 rw-p 00018000 08:01 12720833   /usr/lib/jvm/java-8-oracle/jre/lib/i386/libzip.so
b6681000-b66a5000 r-xp 00000000 08:01 12720828   /usr/lib/jvm/java-8-oracle/jre/lib/i386/libjava.so
b66a5000-b66a6000 rw-p 00023000 08:01 12720828   /usr/lib/jvm/java-8-oracle/jre/lib/i386/libjava.so
b66a6000-b66ad000 r-xp 00000000 08:01 8783015    /lib/i386-linux-gnu/librt-2.21.so
b66ad000-b66ae000 r--p 00006000 08:01 8783015    /lib/i386-linux-gnu/librt-2.21.so
b66ae000-b66af000 rw-p 00007000 08:01 8783015    /lib/i386-linux-gnu/librt-2.21.so
b66af000-b66b2000 ---p 00000000 00:00 0 
b66b2000-b6700000 rw-p 00000000 00:00 0          [stack:8205]
b6700000-b674b000 r-xp 00000000 08:01 8782739    /lib/i386-linux-gnu/libm-2.21.so
b674b000-b674c000 r--p 0004a000 08:01 8782739    /lib/i386-linux-gnu/libm-2.21.so
b674c000-b674d000 rw-p 0004b000 08:01 8782739    /lib/i386-linux-gnu/libm-2.21.so
b674d000-b70c0000 r-xp 00000000 08:01 12720813   /usr/lib/jvm/java-8-oracle/jre/lib/i386/server/libjvm.so
b70c0000-b712c000 rw-p 00972000 08:01 12720813   /usr/lib/jvm/java-8-oracle/jre/lib/i386/server/libjvm.so
b712c000-b7552000 rw-p 00000000 00:00 0 
b7552000-b7706000 r-xp 00000000 08:01 8782737    /lib/i386-linux-gnu/libc-2.21.so
b7706000-b7709000 r--p 001b3000 08:01 8782737    /lib/i386-linux-gnu/libc-2.21.so
b7709000-b770b000 rw-p 001b6000 08:01 8782737    /lib/i386-linux-gnu/libc-2.21.so
b770b000-b770d000 rw-p 00000000 00:00 0 
b770d000-b7710000 r-xp 00000000 08:01 8783028    /lib/i386-linux-gnu/libdl-2.21.so
b7710000-b7711000 r--p 00002000 08:01 8783028    /lib/i386-linux-gnu/libdl-2.21.so
b7711000-b7712000 rw-p 00003000 08:01 8783028    /lib/i386-linux-gnu/libdl-2.21.so
b7712000-b7726000 r-xp 00000000 08:01 10355873   /usr/lib/jvm/java-8-oracle/lib/i386/jli/libjli.so
b7726000-b7727000 rw-p 00014000 08:01 10355873   /usr/lib/jvm/java-8-oracle/lib/i386/jli/libjli.so
b7727000-b7740000 r-xp 00000000 08:01 8782723    /lib/i386-linux-gnu/libpthread-2.21.so
b7740000-b7741000 r--p 00018000 08:01 8782723    /lib/i386-linux-gnu/libpthread-2.21.so
b7741000-b7742000 rw-p 00019000 08:01 8782723    /lib/i386-linux-gnu/libpthread-2.21.so
b7742000-b7745000 rw-p 00000000 00:00 0 
b7745000-b774d000 rw-s 00000000 08:01 8519732    /tmp/hsperfdata_tyran53red/8200
b774d000-b7756000 r-xp 00000000 08:01 12720819   /usr/lib/jvm/java-8-oracle/jre/lib/i386/libinstrument.so
b7756000-b7757000 rw-p 00008000 08:01 12720819   /usr/lib/jvm/java-8-oracle/jre/lib/i386/libinstrument.so
b7757000-b7758000 rw-p 00000000 00:00 0 
b7758000-b7759000 r--p 00000000 00:00 0 
b7759000-b7764000 r-xp 00000000 08:01 12720779   /usr/lib/jvm/java-8-oracle/jre/lib/i386/libverify.so
b7764000-b7765000 rw-p 0000b000 08:01 12720779   /usr/lib/jvm/java-8-oracle/jre/lib/i386/libverify.so
b7765000-b7767000 rw-p 00000000 00:00 0 
b7767000-b7769000 r--p 00000000 00:00 0          [vvar]
b7769000-b776a000 r-xp 00000000 00:00 0          [vdso]
b776a000-b778c000 r-xp 00000000 08:01 8782731    /lib/i386-linux-gnu/ld-2.21.so
b778c000-b778d000 r--p 00021000 08:01 8782731    /lib/i386-linux-gnu/ld-2.21.so
b778d000-b778e000 rw-p 00022000 08:01 8782731    /lib/i386-linux-gnu/ld-2.21.so
bfed6000-bfed7000 rwxp 00000000 00:00 0 
bff09000-bff2a000 rw-p 00000000 00:00 0          [stack]

VM Arguments:
jvm_args: -javaagent:/usr/share/java/jayatanaag.jar -Dfile.encoding=UTF-8 
java_command: jade.Boot -gui -local-host 127.0.0.1
java_class_path (initial): /home/tyran53red/Eclipse/MASCode/MAS_L/MAS_Labs/bin:/home/tyran53red/Eclipse/MASCode/MAS_L/MAS_Labs/lib/commons-codec-1.3.jar:/home/tyran53red/Eclipse/MASCode/MAS_L/MAS_Labs/lib/jade.jar:/usr/share/java/jayatanaag.jar
Launcher Type: SUN_STANDARD

Environment Variables:
JAVA_TOOL_OPTIONS=-javaagent:/usr/share/java/jayatanaag.jar 
PATH=/usr/local/sbin:/usr/local/bin:/usr/sbin:/usr/bin:/sbin:/bin:/usr/games:/usr/local/games
LD_LIBRARY_PATH=/usr/lib/jvm/java-8-oracle/jre/lib/i386/server:/usr/lib/jvm/java-8-oracle/jre/lib/i386:/usr/lib/jvm/java-8-oracle/jre/../lib/i386:/usr/lib/jvm/java-8-oracle/jre/lib/i386/client:/usr/lib/jvm/java-8-oracle/jre/lib/i386:
SHELL=/bin/bash
DISPLAY=:0

Signal Handlers:
SIGSEGV: [libjvm.so+0x8c29a0], sa_mask[0]=11111111011111111101111111111110, sa_flags=SA_RESTART|SA_SIGINFO
SIGBUS: [libjvm.so+0x8c29a0], sa_mask[0]=11111111011111111101111111111110, sa_flags=SA_RESTART|SA_SIGINFO
SIGFPE: [libjvm.so+0x7432d0], sa_mask[0]=11111111011111111101111111111110, sa_flags=SA_RESTART|SA_SIGINFO
SIGPIPE: SIG_IGN, sa_mask[0]=00000000000010000000000000000000, sa_flags=SA_RESTART
SIGXFSZ: [libjvm.so+0x7432d0], sa_mask[0]=11111111011111111101111111111110, sa_flags=SA_RESTART|SA_SIGINFO
SIGILL: [libjvm.so+0x7432d0], sa_mask[0]=11111111011111111101111111111110, sa_flags=SA_RESTART|SA_SIGINFO
SIGUSR1: SIG_DFL, sa_mask[0]=00000000000000000000000000000000, sa_flags=none
SIGUSR2: [libjvm.so+0x744860], sa_mask[0]=00100000000000000000000000000000, sa_flags=SA_RESTART|SA_SIGINFO
SIGHUP: [libjvm.so+0x745d10], sa_mask[0]=11111111011111111101111111111110, sa_flags=SA_RESTART|SA_SIGINFO
SIGINT: [libjvm.so+0x745d10], sa_mask[0]=11111111011111111101111111111110, sa_flags=SA_RESTART|SA_SIGINFO
SIGTERM: [libjvm.so+0x745d10], sa_mask[0]=11111111011111111101111111111110, sa_flags=SA_RESTART|SA_SIGINFO
SIGQUIT: [libjvm.so+0x745d10], sa_mask[0]=11111111011111111101111111111110, sa_flags=SA_RESTART|SA_SIGINFO


---------------  S Y S T E M  ---------------

OS:DISTRIB_ID=Ubuntu
DISTRIB_RELEASE=15.04
DISTRIB_CODENAME=vivid
DISTRIB_DESCRIPTION="Ubuntu 15.04"

uname:Linux 3.19.0-18-generic #18-Ubuntu SMP Tue May 19 18:30:59 UTC 2015 i686
libc:glibc 2.21 NPTL 2.21 
rlimit: STACK 8192k, CORE 0k, NPROC 23999, NOFILE 65536, AS infinity
load average:0,25 0,59 0,77

/proc/meminfo:
MemTotal:        3101256 kB
MemFree:          233464 kB
MemAvailable:     323380 kB
Buffers:           26152 kB
Cached:           361208 kB
SwapCached:        43484 kB
Active:          1853260 kB
Inactive:         875428 kB
Active(anon):    1699852 kB
Inactive(anon):   785176 kB
Active(file):     153408 kB
Inactive(file):    90252 kB
Unevictable:         296 kB
Mlocked:             296 kB
HighTotal:       2231976 kB
HighFree:          63008 kB
LowTotal:         869280 kB
LowFree:          170456 kB
SwapTotal:       3143676 kB
SwapFree:        2728580 kB
Dirty:              6060 kB
Writeback:             0 kB
AnonPages:       2304004 kB
Mapped:           315172 kB
Shmem:            143640 kB
Slab:              45600 kB
SReclaimable:      21676 kB
SUnreclaim:        23924 kB
KernelStack:        6040 kB
PageTables:        22728 kB
NFS_Unstable:          0 kB
Bounce:                0 kB
WritebackTmp:          0 kB
CommitLimit:     4694304 kB
Committed_AS:    8534384 kB
VmallocTotal:     122880 kB
VmallocUsed:       53464 kB
VmallocChunk:      38116 kB
AnonHugePages:   1075200 kB
CmaTotal:              0 kB
CmaFree:               0 kB
HugePages_Total:       0
HugePages_Free:        0
HugePages_Rsvd:        0
HugePages_Surp:        0
Hugepagesize:       2048 kB
DirectMap4k:      124920 kB
DirectMap2M:      788480 kB


CPU:total 2 (2 cores per cpu, 1 threads per core) family 6 model 23 stepping 10, cmov, cx8, fxsr, mmx, sse, sse2, sse3, ssse3, tsc

/proc/cpuinfo:
processor	: 0
vendor_id	: GenuineIntel
cpu family	: 6
model		: 23
model name	: Pentium(R) Dual-Core CPU       T4500  @ 2.30GHz
stepping	: 10
microcode	: 0xa07
cpu MHz		: 2300.000
cache size	: 1024 KB
physical id	: 0
siblings	: 2
core id		: 0
cpu cores	: 2
apicid		: 0
initial apicid	: 0
fdiv_bug	: no
f00f_bug	: no
coma_bug	: no
fpu		: yes
fpu_exception	: yes
cpuid level	: 13
wp		: yes
flags		: fpu vme de pse tsc msr pae mce cx8 apic sep mtrr pge mca cmov pat pse36 clflush dts acpi mmx fxsr sse sse2 ss ht tm pbe nx lm constant_tsc arch_perfmon pebs bts aperfmperf pni dtes64 monitor ds_cpl est tm2 ssse3 cx16 xtpr pdcm xsave lahf_lm dtherm
bugs		:
bogomips	: 4599.86
clflush size	: 64
cache_alignment	: 64
address sizes	: 36 bits physical, 48 bits virtual
power management:

processor	: 1
vendor_id	: GenuineIntel
cpu family	: 6
model		: 23
model name	: Pentium(R) Dual-Core CPU       T4500  @ 2.30GHz
stepping	: 10
microcode	: 0xa07
cpu MHz		: 2300.000
cache size	: 1024 KB
physical id	: 0
siblings	: 2
core id		: 1
cpu cores	: 2
apicid		: 1
initial apicid	: 1
fdiv_bug	: no
f00f_bug	: no
coma_bug	: no
fpu		: yes
fpu_exception	: yes
cpuid level	: 13
wp		: yes
flags		: fpu vme de pse tsc msr pae mce cx8 apic sep mtrr pge mca cmov pat pse36 clflush dts acpi mmx fxsr sse sse2 ss ht tm pbe nx lm constant_tsc arch_perfmon pebs bts aperfmperf pni dtes64 monitor ds_cpl est tm2 ssse3 cx16 xtpr pdcm xsave lahf_lm dtherm
bugs		:
bogomips	: 4599.86
clflush size	: 64
cache_alignment	: 64
address sizes	: 36 bits physical, 48 bits virtual
power management:



Memory: 4k page, physical 3101256k(233464k free), swap 3143676k(2728580k free)

vm_info: Java HotSpot(TM) Server VM (25.45-b02) for linux-x86 JRE (1.8.0_45-b14), built on Apr 10 2015 10:38:30 by "java_re" with gcc 4.3.0 20080428 (Red Hat 4.3.0-8)

time: Tue Jun  9 00:22:01 2015
elapsed time: 117 seconds (0d 0h 1m 57s)

