#
# A fatal error has been detected by the Java Runtime Environment:
#
#  SIGSEGV (0xb) at pc=0x7454a508, pid=8390, tid=1936096064
#
# JRE version: Java(TM) SE Runtime Environment (8.0_45-b14) (build 1.8.0_45-b14)
# Java VM: Java HotSpot(TM) Server VM (25.45-b02 mixed mode linux-x86 )
# Problematic frame:
# C  [libjayatana.so+0x3508]  collection_list_index_remove+0x28
#
# Failed to write core dump. Core dumps have been disabled. To enable core dumping, try "ulimit -c unlimited" before starting Java again
#
# If you would like to submit a bug report, please visit:
#   http://bugreport.java.com/bugreport/crash.jsp
# The crash happened outside the Java Virtual Machine in native code.
# See problematic frame for where to report the bug.
#

---------------  T H R E A D  ---------------

Current thread (0x77739000):  JavaThread "AWT-EventQueue-0" [_thread_in_native, id=8429, stack(0x73617000,0x73668000)]

siginfo: si_signo: 11 (SIGSEGV), si_code: 1 (SEGV_MAPERR), si_addr: 0x00000000

Registers:
EAX=0x00000000, EBX=0x7454e000, ECX=0x00000010, EDX=0x00000000
ESP=0x73665ba0, EBP=0x744c2d38, ESI=0x05600007, EDI=0x744c8f08
EIP=0x7454a508, EFLAGS=0x00010246, CR2=0x00000000

Top of Stack: (sp=0x73665ba0)
0x73665ba0:   b773915b 7454e000 74251e64 77739138
0x73665bb0:   73665c44 b773f790 7454a4e9 7454e000
0x73665bc0:   74251e64 77739138 73665c44 74549990
0x73665bd0:   744c2d38 05600007 77739000 00739000
0x73665be0:   74251e68 74251e64 74549969 74251e68
0x73665bf0:   74251e64 77739000 73665c44 a74e346e
0x73665c00:   77739138 73665c5c 05600007 00000000
0x73665c10:   73665c44 a74e3146 73665c1c 00000021 

Instructions: (pc=0x7454a508)
0x7454a4e8:   ff 81 c3 17 3b 00 00 83 ec 1c 8b 6c 24 30 8b 74
0x7454a4f8:   24 34 8b 4d 08 85 c9 74 1d 8b 7d 00 31 d2 8b 07
0x7454a508:   39 30 75 0b eb 6d 66 90 8b 04 97 39 30 74 19 83
0x7454a518:   c2 01 39 ca 75 f2 83 c4 1c 31 c0 5b 5e 5f 5d c3 

Register to memory mapping:

EAX=0x00000000 is an unknown value
EBX=0x7454e000: <offset 0x7000> in /usr/lib/jayatana/libjayatana.so at 0x74547000
ECX=0x00000010 is an unknown value
EDX=0x00000000 is an unknown value
ESP=0x73665ba0 is pointing into the stack for thread: 0x77739000
EBP=0x744c2d38 is an unknown value
ESI=0x05600007 is an unknown value
EDI=0x744c8f08 is an unknown value


Stack: [0x73617000,0x73668000],  sp=0x73665ba0,  free space=314k
Native frames: (J=compiled Java code, j=interpreted, Vv=VM code, C=native code)
C  [libjayatana.so+0x3508]  collection_list_index_remove+0x28

Java frames: (J=compiled Java code, j=interpreted, Vv=VM code)
j  com.jarego.jayatana.basic.GlobalMenu.unregisterWatcher(J)V+0
j  com.jarego.jayatana.basic.GlobalMenuAdapter.unregisterWatcher()V+8
j  com.jarego.jayatana.swing.SwingGlobalMenuWindow.windowClosed(Ljava/awt/event/WindowEvent;)V+1
j  java.awt.AWTEventMulticaster.windowClosed(Ljava/awt/event/WindowEvent;)V+21
j  java.awt.Window.processWindowEvent(Ljava/awt/event/WindowEvent;)V+78
j  javax.swing.JFrame.processWindowEvent(Ljava/awt/event/WindowEvent;)V+2
j  java.awt.Window.processEvent(Ljava/awt/AWTEvent;)V+69
J 1692 C1 java.awt.Component.dispatchEventImpl(Ljava/awt/AWTEvent;)V (883 bytes) @ 0xa78939a4 [0xa788f760+0x4244]
J 1593 C1 java.awt.Container.dispatchEventImpl(Ljava/awt/AWTEvent;)V (129 bytes) @ 0xa7840514 [0xa7840420+0xf4]
J 1697 C1 java.awt.Window.dispatchEventImpl(Ljava/awt/AWTEvent;)V (23 bytes) @ 0xa789ef60 [0xa789ea80+0x4e0]
J 1696 C1 java.awt.EventQueue.dispatchEventImpl(Ljava/awt/AWTEvent;Ljava/lang/Object;)V (149 bytes) @ 0xa789b6b8 [0xa789a3c0+0x12f8]
J 1694 C1 java.awt.EventQueue$3.run()Ljava/lang/Void; (60 bytes) @ 0xa78999f8 [0xa7899860+0x198]
J 1693 C1 java.awt.EventQueue$3.run()Ljava/lang/Object; (5 bytes) @ 0xa7899610 [0xa78995a0+0x70]
v  ~StubRoutines::call_stub
J 1520  java.security.AccessController.doPrivileged(Ljava/security/PrivilegedAction;Ljava/security/AccessControlContext;)Ljava/lang/Object; (0 bytes) @ 0xa781fb48 [0xa781fae0+0x68]
J 1560 C1 java.security.ProtectionDomain$1.doIntersectionPrivilege(Ljava/security/PrivilegedAction;Ljava/security/AccessControlContext;Ljava/security/AccessControlContext;)Ljava/lang/Object; (32 bytes) @ 0xa782e24c [0xa782dfe0+0x26c]
J 1724 C1 java.awt.EventQueue$4.run()Ljava/lang/Object; (5 bytes) @ 0xa78b6758 [0xa78b6440+0x318]
v  ~StubRoutines::call_stub
J 1520  java.security.AccessController.doPrivileged(Ljava/security/PrivilegedAction;Ljava/security/AccessControlContext;)Ljava/lang/Object; (0 bytes) @ 0xa781fb48 [0xa781fae0+0x68]
J 1588 C1 java.awt.EventQueue.dispatchEvent(Ljava/awt/AWTEvent;)V (80 bytes) @ 0xa783f388 [0xa783e9a0+0x9e8]
J 1596 C1 java.awt.EventDispatchThread.pumpOneEventForFilters(I)V (295 bytes) @ 0xa7845a00 [0xa78444a0+0x1560]
j  java.awt.EventDispatchThread.pumpEventsForFilter(ILjava/awt/Conditional;Ljava/awt/EventFilter;)V+35
j  java.awt.EventDispatchThread.pumpEventsForHierarchy(ILjava/awt/Conditional;Ljava/awt/Component;)V+11
j  java.awt.EventDispatchThread.pumpEvents(ILjava/awt/Conditional;)V+4
j  java.awt.EventDispatchThread.pumpEvents(Ljava/awt/Conditional;)V+3
j  java.awt.EventDispatchThread.run()V+9
v  ~StubRoutines::call_stub

---------------  P R O C E S S  ---------------

Java Threads: ( => current thread )
  0x72ba5800 JavaThread "Thread-29" [_thread_blocked, id=8665, stack(0x7120a000,0x7125b000)]
  0x70f44800 JavaThread "Thread-28" [_thread_blocked, id=8664, stack(0x7125b000,0x712ac000)]
  0x70f43800 JavaThread "Thread-27" [_thread_blocked, id=8663, stack(0x739ac000,0x739fd000)]
  0x752bc000 JavaThread "Thread-15" [_thread_in_vm, id=8660, stack(0x70b5e000,0x70baf000)]
  0x7469dc00 JavaThread "SIGTERM handler" daemon [_thread_blocked, id=8657, stack(0x712ac000,0x712fd000)]
  0x08b11800 JavaThread "TimerQueue" daemon [_thread_blocked, id=8451, stack(0x7329d000,0x732ee000)]
=>0x77739000 JavaThread "AWT-EventQueue-0" [_thread_in_native, id=8429, stack(0x73617000,0x73668000)]
  0x77737c00 JavaThread "AWT-Shutdown" [_thread_blocked, id=8428, stack(0x73668000,0x736b9000)]
  0xb6508000 JavaThread "DestroyJavaVM" [_thread_blocked, id=8397, stack(0xb6670000,0xb66c1000)]
  0x746c7800 JavaThread "df" [_thread_blocked, id=8425, stack(0x7390a000,0x7395b000)]
  0x746c6000 JavaThread "ams" [_thread_blocked, id=8424, stack(0x7395b000,0x739ac000)]
  0x74612c00 JavaThread "Deliverer-4" [_thread_blocked, id=8420, stack(0x73afd000,0x73b4e000)]
  0x74679c00 JavaThread "Deliverer-3" [_thread_blocked, id=8419, stack(0x73b4e000,0x73b9f000)]
  0x74678800 JavaThread "Deliverer-2" [_thread_blocked, id=8418, stack(0x73b9f000,0x73bf0000)]
  0x7467b400 JavaThread "Deliverer-1" [_thread_blocked, id=8417, stack(0x73bf0000,0x73c41000)]
  0x746c3800 JavaThread "Deliverer-0" [_thread_blocked, id=8416, stack(0x73c41000,0x73c92000)]
  0x746ae800 JavaThread "AWT-XAWT" daemon [_thread_in_native, id=8414, stack(0x740e4000,0x74135000)]
  0x74699c00 JavaThread "Java2D Disposer" daemon [_thread_blocked, id=8413, stack(0x74147000,0x74198000)]
  0x752c3000 JavaThread "Thread-3" [_thread_blocked, id=8410, stack(0x747b7000,0x74808000)]
  0x752b4c00 JavaThread "JICPServer-1099" daemon [_thread_in_native, id=8409, stack(0x74808000,0x74859000)]
  0x7526f400 JavaThread "Service Thread" daemon [_thread_blocked, id=8406, stack(0x74b08000,0x74b59000)]
  0x7526d400 JavaThread "C1 CompilerThread1" daemon [_thread_blocked, id=8405, stack(0x74b59000,0x74bda000)]
  0x7526b800 JavaThread "C2 CompilerThread0" daemon [_thread_blocked, id=8404, stack(0x74bda000,0x74c5b000)]
  0x75233000 JavaThread "Signal Dispatcher" daemon [_thread_blocked, id=8403, stack(0x74df3000,0x74e44000)]
  0x75215800 JavaThread "Finalizer" daemon [_thread_blocked, id=8402, stack(0x751af000,0x75200000)]
  0x75214000 JavaThread "Reference Handler" daemon [_thread_blocked, id=8401, stack(0x75314000,0x75365000)]

Other Threads:
  0x75211000 VMThread [stack: 0x75365000,0x753e6000] [id=8400]
  0x75270c00 WatcherThread [stack: 0x74a87000,0x74b08000] [id=8407]

VM state:not at safepoint (normal execution)

VM Mutex/Monitor currently owned by a thread:  ([mutex/lock_event])
[0xb65056e8] Threads_lock - owner thread: 0x752bc000

Heap:
 PSYoungGen      total 54272K, used 22047K [0x97380000, 0x9cb00000, 0xa7000000)
  eden space 48896K, 45% used [0x97380000,0x988ffdc8,0x9a340000)
  from space 5376K, 0% used [0x9a340000,0x9a348000,0x9a880000)
  to   space 5632K, 0% used [0x9c580000,0x9c580000,0x9cb00000)
 ParOldGen       total 32768K, used 8399K [0x77a00000, 0x79a00000, 0x97380000)
  object space 32768K, 25% used [0x77a00000,0x78233e40,0x79a00000)
 Metaspace       used 16150K, capacity 16344K, committed 16384K, reserved 16688K

Card table byte_map: [0x77884000,0x77a00000] byte_map_base: 0x774c7000

Marking Bits: (ParMarkBitMap*) 0xb70fe960
 Begin Bits: [0x75d50000, 0x76928000)
 End Bits:   [0x76928000, 0x77500000)

Polling page: 0xb7719000

CodeCache: size=245760Kb used=6361Kb max_used=6361Kb free=239398Kb
 bounds [0xa74d7000, 0xa7b17000, 0xb64d7000]
 total_blobs=2708 nmethods=2415 adapters=206
 compilation: enabled

Compilation events (10 events):
Event: 282,446 Thread 0x7526d400 nmethod 2578 0xa7912f08 code [0xa7913000, 0xa79130a0]
Event: 282,446 Thread 0x7526d400 2580       3       java.util.Hashtable$Enumerator::nextElement (111 bytes)
Event: 282,447 Thread 0x7526d400 nmethod 2580 0xa774e188 code [0xa774e2e0, 0xa774e60c]
Event: 282,447 Thread 0x7526d400 2581       3       jade.content.onto.OntologyException::<init> (6 bytes)
Event: 282,447 Thread 0x7526d400 nmethod 2581 0xa774dd08 code [0xa774de40, 0xa774e02c]
Event: 282,447 Thread 0x7526d400 2582       3       jade.content.onto.ReflectiveIntrospector::translateName (105 bytes)
Event: 282,449 Thread 0x7526d400 nmethod 2582 0xa7afea88 code [0xa7afed00, 0xa7affce8]
Event: 282,450 Thread 0x7526d400 2583       3       jade.content.schema.PrimitiveSchema::validate (35 bytes)
Event: 282,452 Thread 0x7526d400 nmethod 2583 0xa7b008c8 code [0xa7b00aa0, 0xa7b0139c]
Event: 282,452 Thread 0x7526d400 2585       3       java.lang.Class::privateGetPublicMethods (267 bytes)

GC Heap History (10 events):
Event: 49,108 GC heap before
{Heap before GC invocations=5 (full 0):
 PSYoungGen      total 14336K, used 14321K [0x97380000, 0x98380000, 0xa7000000)
  eden space 12288K, 100% used [0x97380000,0x97f80000,0x97f80000)
  from space 2048K, 99% used [0x98180000,0x9837c4d8,0x98380000)
  to   space 2048K, 0% used [0x97f80000,0x97f80000,0x98180000)
 ParOldGen       total 32768K, used 3977K [0x77a00000, 0x79a00000, 0x97380000)
  object space 32768K, 12% used [0x77a00000,0x77de2730,0x79a00000)
 Metaspace       used 14675K, capacity 14909K, committed 15000K, reserved 15664K
Event: 49,136 GC heap after
Heap after GC invocations=5 (full 0):
 PSYoungGen      total 14336K, used 2034K [0x97380000, 0x99480000, 0xa7000000)
  eden space 12288K, 0% used [0x97380000,0x97380000,0x97f80000)
  from space 2048K, 99% used [0x97f80000,0x9817c8f0,0x98180000)
  to   space 4608K, 0% used [0x99000000,0x99000000,0x99480000)
 ParOldGen       total 32768K, used 6167K [0x77a00000, 0x79a00000, 0x97380000)
  object space 32768K, 18% used [0x77a00000,0x78005d18,0x79a00000)
 Metaspace       used 14675K, capacity 14909K, committed 15000K, reserved 15664K
}
Event: 50,117 GC heap before
{Heap before GC invocations=6 (full 0):
 PSYoungGen      total 14336K, used 14322K [0x97380000, 0x99480000, 0xa7000000)
  eden space 12288K, 100% used [0x97380000,0x97f80000,0x97f80000)
  from space 2048K, 99% used [0x97f80000,0x9817c8f0,0x98180000)
  to   space 4608K, 0% used [0x99000000,0x99000000,0x99480000)
 ParOldGen       total 32768K, used 6167K [0x77a00000, 0x79a00000, 0x97380000)
  object space 32768K, 18% used [0x77a00000,0x78005d18,0x79a00000)
 Metaspace       used 15811K, capacity 15997K, committed 16152K, reserved 16688K
Event: 50,146 GC heap after
Heap after GC invocations=6 (full 0):
 PSYoungGen      total 29184K, used 3822K [0x97380000, 0x99480000, 0xa7000000)
  eden space 24576K, 0% used [0x97380000,0x97380000,0x98b80000)
  from space 4608K, 82% used [0x99000000,0x993bbb60,0x99480000)
  to   space 4608K, 0% used [0x98b80000,0x98b80000,0x99000000)
 ParOldGen       total 32768K, used 6167K [0x77a00000, 0x79a00000, 0x97380000)
  object space 32768K, 18% used [0x77a00000,0x78005d18,0x79a00000)
 Metaspace       used 15811K, capacity 15997K, committed 16152K, reserved 16688K
}
Event: 50,662 GC heap before
{Heap before GC invocations=7 (full 0):
 PSYoungGen      total 29184K, used 28398K [0x97380000, 0x99480000, 0xa7000000)
  eden space 24576K, 100% used [0x97380000,0x98b80000,0x98b80000)
  from space 4608K, 82% used [0x99000000,0x993bbb60,0x99480000)
  to   space 4608K, 0% used [0x98b80000,0x98b80000,0x99000000)
 ParOldGen       total 32768K, used 6167K [0x77a00000, 0x79a00000, 0x97380000)
  object space 32768K, 18% used [0x77a00000,0x78005d18,0x79a00000)
 Metaspace       used 15814K, capacity 15997K, committed 16152K, reserved 16688K
Event: 50,690 GC heap after
Heap after GC invocations=7 (full 0):
 PSYoungGen      total 29184K, used 1139K [0x97380000, 0x9ad80000, 0xa7000000)
  eden space 24576K, 0% used [0x97380000,0x97380000,0x98b80000)
  from space 4608K, 24% used [0x98b80000,0x98c9cc58,0x99000000)
  to   space 5120K, 0% used [0x9a880000,0x9a880000,0x9ad80000)
 ParOldGen       total 32768K, used 7252K [0x77a00000, 0x79a00000, 0x97380000)
  object space 32768K, 22% used [0x77a00000,0x78115128,0x79a00000)
 Metaspace       used 15814K, capacity 15997K, committed 16152K, reserved 16688K
}
Event: 50,941 GC heap before
{Heap before GC invocations=8 (full 0):
 PSYoungGen      total 29184K, used 25715K [0x97380000, 0x9ad80000, 0xa7000000)
  eden space 24576K, 100% used [0x97380000,0x98b80000,0x98b80000)
  from space 4608K, 24% used [0x98b80000,0x98c9cc58,0x99000000)
  to   space 5120K, 0% used [0x9a880000,0x9a880000,0x9ad80000)
 ParOldGen       total 32768K, used 7252K [0x77a00000, 0x79a00000, 0x97380000)
  object space 32768K, 22% used [0x77a00000,0x78115128,0x79a00000)
 Metaspace       used 15819K, capacity 16029K, committed 16152K, reserved 16688K
Event: 50,958 GC heap after
Heap after GC invocations=8 (full 0):
 PSYoungGen      total 54016K, used 394K [0x97380000, 0x9ae00000, 0xa7000000)
  eden space 48896K, 0% used [0x97380000,0x97380000,0x9a340000)
  from space 5120K, 7% used [0x9a880000,0x9a8e2830,0x9ad80000)
  to   space 5376K, 0% used [0x9a340000,0x9a340000,0x9a880000)
 ParOldGen       total 32768K, used 8021K [0x77a00000, 0x79a00000, 0x97380000)
  object space 32768K, 24% used [0x77a00000,0x781d5610,0x79a00000)
 Metaspace       used 15819K, capacity 16029K, committed 16152K, reserved 16688K
}
Event: 51,531 GC heap before
{Heap before GC invocations=9 (full 0):
 PSYoungGen      total 54016K, used 49290K [0x97380000, 0x9ae00000, 0xa7000000)
  eden space 48896K, 100% used [0x97380000,0x9a340000,0x9a340000)
  from space 5120K, 7% used [0x9a880000,0x9a8e2830,0x9ad80000)
  to   space 5376K, 0% used [0x9a340000,0x9a340000,0x9a880000)
 ParOldGen       total 32768K, used 8021K [0x77a00000, 0x79a00000, 0x97380000)
  object space 32768K, 24% used [0x77a00000,0x781d5610,0x79a00000)
 Metaspace       used 15824K, capacity 16029K, committed 16152K, reserved 16688K
Event: 51,549 GC heap after
Heap after GC invocations=9 (full 0):
 PSYoungGen      total 54272K, used 32K [0x97380000, 0x9cb00000, 0xa7000000)
  eden space 48896K, 0% used [0x97380000,0x97380000,0x9a340000)
  from space 5376K, 0% used [0x9a340000,0x9a348000,0x9a880000)
  to   space 5632K, 0% used [0x9c580000,0x9c580000,0x9cb00000)
 ParOldGen       total 32768K, used 8399K [0x77a00000, 0x79a00000, 0x97380000)
  object space 32768K, 25% used [0x77a00000,0x78233e40,0x79a00000)
 Metaspace       used 15824K, capacity 16029K, committed 16152K, reserved 16688K
}

Deoptimization events (10 events):
Event: 18,694 Thread 0x746cf000 Uncommon trap: reason=class_check action=maybe_recompile pc=0xa7616610 method=java.lang.String.equals(Ljava/lang/Object;)Z @ 8
Event: 18,694 Thread 0x746cf000 Uncommon trap: reason=class_check action=maybe_recompile pc=0xa7616610 method=java.lang.String.equals(Ljava/lang/Object;)Z @ 8
Event: 29,755 Thread 0x746cf000 Uncommon trap: reason=unstable_if action=reinterpret pc=0xa76d5848 method=java.lang.CharacterData.of(I)Ljava/lang/CharacterData; @ 4
Event: 47,318 Thread 0x08b39800 Uncommon trap: reason=unstable_if action=reinterpret pc=0xa76ca6ec method=java.io.UnixFileSystem.normalize(Ljava/lang/String;)Ljava/lang/String; @ 60
Event: 49,861 Thread 0x77739000 Uncommon trap: reason=unstable_if action=reinterpret pc=0xa7995284 method=java.lang.StrictMath.floorOrCeil(DDDD)D @ 115
Event: 49,861 Thread 0x77739000 Uncommon trap: reason=unstable_if action=reinterpret pc=0xa79d6130 method=java.lang.StrictMath.floorOrCeil(DDDD)D @ 115
Event: 52,177 Thread 0x746ae800 Uncommon trap: reason=unstable_if action=reinterpret pc=0xa7a09d1c method=sun.awt.X11.XWindow.getModifiers(IIIIZ)I @ 17
Event: 77,509 Thread 0x77739000 Uncommon trap: reason=unstable_if action=reinterpret pc=0xa79bea10 method=sun.java2d.xr.GrowableIntArray.getNextCellIndex()I @ 27
Event: 282,428 Thread 0x752bc000 Uncommon trap: reason=unstable_if action=reinterpret pc=0xa773c740 method=java.util.logging.Logger.isLoggable(Ljava/util/logging/Level;)Z @ 8
Event: 282,457 Thread 0x752bc000 Uncommon trap: reason=bimorphic action=maybe_recompile pc=0xa79dc108 method=java.net.URL.<init>(Ljava/net/URL;Ljava/lang/String;Ljava/net/URLStreamHandler;)V @ 504

Internal exceptions (10 events):
Event: 44,209 Thread 0x77739000 Exception <a 'java/lang/UnsupportedOperationException': > (0x978a5608) thrown at [/HUDSON/workspace/8-2-build-linux-i586/jdk8u45/3457/hotspot/src/share/vm/prims/jni.cpp, line 735]
Event: 47,091 Thread 0x77739000 Exception <a 'java/lang/UnsupportedOperationException': > (0x97981268) thrown at [/HUDSON/workspace/8-2-build-linux-i586/jdk8u45/3457/hotspot/src/share/vm/prims/jni.cpp, line 735]
Event: 54,155 Thread 0x746c6000 Exception <a 'java/lang/ArrayIndexOutOfBoundsException': 0> (0x980d0d90) thrown at [/HUDSON/workspace/8-2-build-linux-i586/jdk8u45/3457/hotspot/src/share/vm/interpreter/interpreterRuntime.cpp, line 366]
Event: 70,494 Thread 0x77739000 Exception <a 'java/lang/UnsupportedOperationException': > (0x9839c330) thrown at [/HUDSON/workspace/8-2-build-linux-i586/jdk8u45/3457/hotspot/src/share/vm/prims/jni.cpp, line 735]
Event: 71,874 Thread 0x77739000 Exception <a 'java/lang/UnsupportedOperationException': > (0x983f1870) thrown at [/HUDSON/workspace/8-2-build-linux-i586/jdk8u45/3457/hotspot/src/share/vm/prims/jni.cpp, line 735]
Event: 78,487 Thread 0x746c6000 Exception <a 'java/lang/ArrayIndexOutOfBoundsException': 0> (0x9816bbc0) thrown at [/HUDSON/workspace/8-2-build-linux-i586/jdk8u45/3457/hotspot/src/share/vm/interpreter/interpreterRuntime.cpp, line 366]
Event: 282,432 Thread 0x746cf000 Exception <a 'java/lang/InterruptedException'> (0x9807d438) thrown at [/HUDSON/workspace/8-2-build-linux-i586/jdk8u45/3457/hotspot/src/share/vm/runtime/objectMonitor.cpp, line 1683]
Event: 282,448 Thread 0x746ca800 Exception <a 'java/lang/InterruptedException'> (0x98582728) thrown at [/HUDSON/workspace/8-2-build-linux-i586/jdk8u45/3457/hotspot/src/share/vm/runtime/objectMonitor.cpp, line 1683]
Event: 282,453 Thread 0x72b8a000 Exception <a 'java/lang/InterruptedException'> (0x981b5658) thrown at [/HUDSON/workspace/8-2-build-linux-i586/jdk8u45/3457/hotspot/src/share/vm/runtime/objectMonitor.cpp, line 1683]
Event: 282,473 Thread 0x7460f400 Exception <a 'java/net/SocketException': Socket closed> (0x9885ce18) thrown at [/HUDSON/workspace/8-2-build-linux-i586/jdk8u45/3457/hotspot/src/share/vm/prims/jni.cpp, line 735]

Events (10 events):
Event: 282,453 Executing VM operation: RevokeBias done
Event: 282,453 Thread 0x72b8a000 Thread exited: 0x72b8a000
Event: 282,457 Thread 0x752bc000 Uncommon trap: trap_request=0xffffffc6 fr.pc=0xa79dc108
Event: 282,457 Thread 0x752bc000 DEOPT PACKING pc=0xa79dc108 sp=0x70bad470
Event: 282,457 Thread 0x752bc000 DEOPT UNPACKING pc=0xa7511bd5 sp=0x70bad44c mode 2
Event: 282,463 Executing VM operation: RevokeBias
Event: 282,472 Executing VM operation: RevokeBias done
Event: 282,473 Thread 0x7460f400 Thread exited: 0x7460f400
Event: 282,473 Executing VM operation: RevokeBias
Event: 282,476 Executing VM operation: RevokeBias done


Dynamic libraries:
08048000-08049000 r-xp 00000000 08:01 10356964   /usr/lib/jvm/java-8-oracle/bin/java
08049000-0804a000 rw-p 00000000 08:01 10356964   /usr/lib/jvm/java-8-oracle/bin/java
08a2d000-08fbf000 rw-p 00000000 00:00 0          [heap]
70b5e000-70b61000 ---p 00000000 00:00 0 
70b61000-70baf000 rw-p 00000000 00:00 0          [stack:8660]
70baf000-70bb2000 ---p 00000000 00:00 0 
70bb2000-70cba000 rw-p 00000000 00:00 0 
70cba000-70d00000 ---p 00000000 00:00 0 
70d00000-70e00000 rw-p 00000000 00:00 0 
70e00000-70f00000 rw-p 00000000 00:00 0 
70f00000-7105a000 rw-p 00000000 00:00 0 
7105a000-71100000 ---p 00000000 00:00 0 
71100000-71200000 rw-p 00000000 00:00 0 
7120a000-7120d000 ---p 00000000 00:00 0 
7120d000-7125b000 rw-p 00000000 00:00 0          [stack:8665]
7125b000-7125e000 ---p 00000000 00:00 0 
7125e000-712ac000 rw-p 00000000 00:00 0          [stack:8664]
712ac000-712af000 ---p 00000000 00:00 0 
712af000-712fd000 rw-p 00000000 00:00 0          [stack:8657]
712fd000-712fe000 ---p 00000000 00:00 0 
712fe000-71afe000 rw-p 00000000 00:00 0          [stack:8444]
71afe000-71aff000 ---p 00000000 00:00 0 
71aff000-722ff000 rw-p 00000000 00:00 0 
722ff000-72302000 ---p 00000000 00:00 0 
72302000-72b00000 rw-p 00000000 00:00 0 
72b00000-72c00000 rw-p 00000000 00:00 0 
72c00000-72d00000 rw-p 00000000 00:00 0 
72d00000-72e00000 rw-p 00000000 00:00 0 
72e00000-72e29000 rw-p 00000000 00:00 0 
72e29000-72f00000 ---p 00000000 00:00 0 
72f04000-72f07000 ---p 00000000 00:00 0 
72f07000-72f55000 rw-p 00000000 00:00 0 
72f55000-72f89000 r-xp 00000000 08:01 12720778   /usr/lib/jvm/java-8-oracle/jre/lib/i386/libjpeg.so
72f89000-72f8a000 rw-p 00033000 08:01 12720778   /usr/lib/jvm/java-8-oracle/jre/lib/i386/libjpeg.so
72f8a000-72fa5000 r--s 00000000 08:01 11274357   /usr/share/fonts/type1/gsfonts/p052004l.pfb
72fa5000-72fb5000 r--s 00000000 08:01 11274273   /usr/share/fonts/type1/gsfonts/a010033l.pfb
72fb5000-72fc7000 r--s 00000000 08:01 11274318   /usr/share/fonts/type1/gsfonts/n019043l.pfb
72fc7000-72fe2000 r--s 00000000 08:01 11274294   /usr/share/fonts/type1/gsfonts/c059016l.pfb
72fe2000-72ffa000 r--s 00000000 08:01 11274342   /usr/share/fonts/type1/gsfonts/n022003l.pfb
72ffa000-73013000 r--s 00000000 08:01 11274279   /usr/share/fonts/type1/gsfonts/b018012l.pfb
73013000-7302c000 r--s 00000000 08:01 11274345   /usr/share/fonts/type1/gsfonts/n022004l.pfb
7302c000-73044000 r--s 00000000 08:01 11274297   /usr/share/fonts/type1/gsfonts/c059033l.pfb
73044000-7305f000 r--s 00000000 08:01 11274354   /usr/share/fonts/type1/gsfonts/p052003l.pfb
7305f000-73075000 r--s 00000000 08:01 11274348   /usr/share/fonts/type1/gsfonts/n022023l.pfb
73075000-7308f000 r--s 00000000 08:01 11274291   /usr/share/fonts/type1/gsfonts/c059013l.pfb
7308f000-730ab000 r--s 00000000 08:01 11274363   /usr/share/fonts/type1/gsfonts/p052024l.pfb
730ab000-730c4000 r--s 00000000 08:01 11274330   /usr/share/fonts/type1/gsfonts/n021003l.pfb
730c4000-730d6000 r--s 00000000 08:01 11274309   /usr/share/fonts/type1/gsfonts/n019004l.pfb
730d6000-730e0000 r--s 00000000 08:01 11273565   /usr/share/fonts/X11/Type1/c0419bt_.pfb
730e0000-730ea000 r--s 00000000 08:01 11274372   /usr/share/fonts/type1/mathml/Symbol.pfb
730ea000-730f4000 r--s 00000000 08:01 11273569   /usr/share/fonts/X11/Type1/c0583bt_.pfb
730f4000-730fe000 r--s 00000000 08:01 11273571   /usr/share/fonts/X11/Type1/c0611bt_.pfb
730fe000-73113000 r--s 00000000 08:01 11274285   /usr/share/fonts/type1/gsfonts/b018032l.pfb
73113000-73124000 r--s 00000000 08:01 11274312   /usr/share/fonts/type1/gsfonts/n019023l.pfb
73124000-73136000 r--s 00000000 08:01 11274321   /usr/share/fonts/type1/gsfonts/n019044l.pfb
73136000-7313f000 r--s 00000000 08:01 11273577   /usr/share/fonts/X11/Type1/c0648bt_.pfb
7313f000-73148000 r--s 00000000 08:01 11273573   /usr/share/fonts/X11/Type1/c0632bt_.pfb
73148000-7315e000 r--s 00000000 08:01 11274351   /usr/share/fonts/type1/gsfonts/n022024l.pfb
7315e000-7316e000 r--s 00000000 08:01 11274270   /usr/share/fonts/type1/gsfonts/a010015l.pfb
7316e000-73177000 r--s 00000000 08:01 11273575   /usr/share/fonts/X11/Type1/c0633bt_.pfb
73177000-73188000 r--s 00000000 08:01 11274315   /usr/share/fonts/type1/gsfonts/n019024l.pfb
73188000-7319b000 r--s 00000000 08:01 11274327   /usr/share/fonts/type1/gsfonts/n019064l.pfb
7319b000-731b2000 r--s 00000000 08:01 11274369   /usr/share/fonts/type1/gsfonts/z003034l.pfb
731b2000-731c2000 r--s 00000000 08:01 11274267   /usr/share/fonts/type1/gsfonts/a010013l.pfb
731c2000-731d6000 r--s 00000000 08:01 11274306   /usr/share/fonts/type1/gsfonts/n019003l.pfb
731d6000-731e9000 r--s 00000000 08:01 11274282   /usr/share/fonts/type1/gsfonts/b018015l.pfb
731e9000-73200000 r--s 00000000 08:01 11274336   /usr/share/fonts/type1/gsfonts/n021023l.pfb
73200000-7320a000 r--s 00000000 08:01 11273567   /usr/share/fonts/X11/Type1/c0582bt_.pfb
7320a000-73223000 r--s 00000000 08:01 11274333   /usr/share/fonts/type1/gsfonts/n021004l.pfb
73223000-7323e000 r--s 00000000 08:01 11274360   /usr/share/fonts/type1/gsfonts/p052023l.pfb
7323e000-7324f000 r--s 00000000 08:01 11274324   /usr/share/fonts/type1/gsfonts/n019063l.pfb
7324f000-73265000 r--s 00000000 08:01 11274339   /usr/share/fonts/type1/gsfonts/n021024l.pfb
73265000-73277000 r--s 00000000 08:01 11274288   /usr/share/fonts/type1/gsfonts/b018035l.pfb
73277000-73280000 r--s 00000000 08:01 11274366   /usr/share/fonts/type1/gsfonts/s050000l.pfb
73280000-7328c000 r--s 00000000 08:01 11274303   /usr/share/fonts/type1/gsfonts/d050000l.pfb
7328c000-7329d000 r--s 00000000 08:01 11274276   /usr/share/fonts/type1/gsfonts/a010035l.pfb
7329d000-732a0000 ---p 00000000 00:00 0 
732a0000-732ee000 rw-p 00000000 00:00 0          [stack:8451]
732ee000-7334e000 r-xp 00000000 08:01 12720808   /usr/lib/jvm/java-8-oracle/jre/lib/i386/libt2k.so
7334e000-73352000 rw-p 00060000 08:01 12720808   /usr/lib/jvm/java-8-oracle/jre/lib/i386/libt2k.so
73352000-73356000 rw-p 00000000 00:00 0 
73356000-73357000 r--s 00000000 08:01 4995175    /var/cache/fontconfig/c05880de57d1f5e948fdfacc138775d9-le32d4.cache-4
73357000-7335f000 r--s 00000000 08:01 4988304    /var/cache/fontconfig/945677eb7aeaf62f1d50efc3fb3ec7d8-le32d4.cache-4
7335f000-73361000 r--s 00000000 08:01 4995173    /var/cache/fontconfig/99e8ed0e538f840c565b6ed5dad60d56-le32d4.cache-4
73361000-73367000 r--s 00000000 08:01 4995172    /var/cache/fontconfig/a6d8cf8e4ec09cdbc8633c31745a07dd-le32d4.cache-4
73367000-7336b000 r--s 00000000 08:01 4995171    /var/cache/fontconfig/2cd17615ca594fa2959ae173292e504c-le32d4.cache-4
7336b000-7336c000 r--s 00000000 08:01 4995169    /var/cache/fontconfig/0d8c3b2ac0904cb8a57a757ad11a4a08-le32d4.cache-4
7336c000-73371000 r--s 00000000 08:01 4995168    /var/cache/fontconfig/a755afe4a08bf5b97852ceb7400b47bc-le32d4.cache-4
73371000-73374000 r--s 00000000 08:01 4995167    /var/cache/fontconfig/6d41288fd70b0be22e8c3a91e032eec0-le32d4.cache-4
73374000-73384000 r--s 00000000 08:01 4995165    /var/cache/fontconfig/04aabc0a78ac019cf9454389977116d2-le32d4.cache-4
73384000-73387000 r--s 00000000 08:01 4995162    /var/cache/fontconfig/385c0604a188198f04d133e54aba7fe7-le32d4.cache-4
73387000-7338b000 r--s 00000000 08:01 4995158    /var/cache/fontconfig/8801497958630a81b71ace7c5f9b32a8-le32d4.cache-4
7338b000-733ba000 r--s 00000000 08:01 4995157    /var/cache/fontconfig/365b55f210c0a22e9a19e35191240f32-le32d4.cache-4
733ba000-733bf000 r--s 00000000 08:01 4995155    /var/cache/fontconfig/3047814df9a2f067bd2d96a2b9c36e5a-le32d4.cache-4
733bf000-733cf000 r--s 00000000 08:01 4995150    /var/cache/fontconfig/d52a8644073d54c13679302ca1180695-le32d4.cache-4
733cf000-733d3000 rw-s 00000000 00:05 12288021   /SYSV00000000 (deleted)
733d3000-733dc000 r--s 00000000 08:01 11273579   /usr/share/fonts/X11/Type1/c0649bt_.pfb
733dc000-733f4000 r--s 00000000 08:01 11274300   /usr/share/fonts/type1/gsfonts/c059036l.pfb
733f4000-73407000 r--s 00344000 08:01 10882096   /usr/lib/jvm/java-8-oracle/jre/lib/resources.jar
73407000-73507000 rw-p 00000000 00:00 0 
73507000-73516000 r-xp 00000000 08:01 12720787   /usr/lib/jvm/java-8-oracle/jre/lib/i386/libnio.so
73516000-73517000 rw-p 0000e000 08:01 12720787   /usr/lib/jvm/java-8-oracle/jre/lib/i386/libnio.so
73517000-73617000 rw-p 00000000 00:00 0 
73617000-7361a000 ---p 00000000 00:00 0 
7361a000-73668000 rw-p 00000000 00:00 0          [stack:8429]
73668000-7366b000 ---p 00000000 00:00 0 
7366b000-737b9000 rw-p 00000000 00:00 0          [stack:8428]
737b9000-738b9000 rw-p 00000000 00:00 0 
738b9000-738bc000 ---p 00000000 00:00 0 
738bc000-7390a000 rw-p 00000000 00:00 0 
7390a000-7390d000 ---p 00000000 00:00 0 
7390d000-7395b000 rw-p 00000000 00:00 0          [stack:8425]
7395b000-7395e000 ---p 00000000 00:00 0 
7395e000-739ac000 rw-p 00000000 00:00 0          [stack:8424]
739ac000-739af000 ---p 00000000 00:00 0 
739af000-73afd000 rw-p 00000000 00:00 0          [stack:8663]
73afd000-73b00000 ---p 00000000 00:00 0 
73b00000-73b4e000 rw-p 00000000 00:00 0          [stack:8420]
73b4e000-73b51000 ---p 00000000 00:00 0 
73b51000-73b9f000 rw-p 00000000 00:00 0          [stack:8419]
73b9f000-73ba2000 ---p 00000000 00:00 0 
73ba2000-73bf0000 rw-p 00000000 00:00 0          [stack:8418]
73bf0000-73bf3000 ---p 00000000 00:00 0 
73bf3000-73c41000 rw-p 00000000 00:00 0          [stack:8417]
73c41000-73c44000 ---p 00000000 00:00 0 
73c44000-73c92000 rw-p 00000000 00:00 0          [stack:8416]
73c92000-73d02000 r-xp 00000000 08:01 8782950    /lib/i386-linux-gnu/libpcre.so.3.13.1
73d02000-73d03000 r--p 0006f000 08:01 8782950    /lib/i386-linux-gnu/libpcre.so.3.13.1
73d03000-73d04000 rw-p 00070000 08:01 8782950    /lib/i386-linux-gnu/libpcre.so.3.13.1
73d04000-73d18000 r-xp 00000000 08:01 8783020    /lib/i386-linux-gnu/libresolv-2.21.so
73d18000-73d1a000 r--p 00013000 08:01 8783020    /lib/i386-linux-gnu/libresolv-2.21.so
73d1a000-73d1b000 rw-p 00015000 08:01 8783020    /lib/i386-linux-gnu/libresolv-2.21.so
73d1b000-73d1d000 rw-p 00000000 00:00 0 
73d1d000-73d41000 r-xp 00000000 08:01 8782964    /lib/i386-linux-gnu/libselinux.so.1
73d41000-73d42000 r--p 00024000 08:01 8782964    /lib/i386-linux-gnu/libselinux.so.1
73d42000-73d43000 rw-p 00025000 08:01 8782964    /lib/i386-linux-gnu/libselinux.so.1
73d43000-73d44000 rw-p 00000000 00:00 0 
73d44000-73d5d000 r-xp 00000000 08:01 8784076    /lib/i386-linux-gnu/libz.so.1.2.8
73d5d000-73d5e000 r--p 00019000 08:01 8784076    /lib/i386-linux-gnu/libz.so.1.2.8
73d5e000-73d5f000 rw-p 0001a000 08:01 8784076    /lib/i386-linux-gnu/libz.so.1.2.8
73d5f000-73d7e000 r-xp 00000000 08:01 10223751   /usr/lib/i386-linux-gnu/libdbusmenu-glib.so.4.0.12
73d7e000-73d7f000 r--p 0001e000 08:01 10223751   /usr/lib/i386-linux-gnu/libdbusmenu-glib.so.4.0.12
73d7f000-73d80000 rw-p 0001f000 08:01 10223751   /usr/lib/i386-linux-gnu/libdbusmenu-glib.so.4.0.12
73d80000-73ea6000 r-xp 00000000 08:01 8782889    /lib/i386-linux-gnu/libglib-2.0.so.0.4400.0
73ea6000-73ea7000 r--p 00125000 08:01 8782889    /lib/i386-linux-gnu/libglib-2.0.so.0.4400.0
73ea7000-73ea8000 rw-p 00126000 08:01 8782889    /lib/i386-linux-gnu/libglib-2.0.so.0.4400.0
73ea8000-73f03000 r-xp 00000000 08:01 10224856   /usr/lib/i386-linux-gnu/libgobject-2.0.so.0.4400.0
73f03000-73f04000 r--p 0005b000 08:01 10224856   /usr/lib/i386-linux-gnu/libgobject-2.0.so.0.4400.0
73f04000-73f05000 rw-p 0005c000 08:01 10224856   /usr/lib/i386-linux-gnu/libgobject-2.0.so.0.4400.0
73f05000-740be000 r-xp 00000000 08:01 10224894   /usr/lib/i386-linux-gnu/libgio-2.0.so.0.4400.0
740be000-740c1000 r--p 001b8000 08:01 10224894   /usr/lib/i386-linux-gnu/libgio-2.0.so.0.4400.0
740c1000-740c3000 rw-p 001bb000 08:01 10224894   /usr/lib/i386-linux-gnu/libgio-2.0.so.0.4400.0
740c3000-740c4000 rw-p 00000000 00:00 0 
740c4000-740c5000 r--s 00000000 08:01 4995166    /var/cache/fontconfig/a6354e3ac43af67bd8d7b8e43c34e49f-le32d4.cache-4
740c5000-740c6000 r--s 00000000 08:01 4995163    /var/cache/fontconfig/1ac9eb803944fde146138c791f5cc56a-le32d4.cache-4
740c6000-740c7000 r--s 00000000 08:01 4995161    /var/cache/fontconfig/dc05db6664285cc2f12bf69c139ae4c3-le32d4.cache-4
740c7000-740cb000 r--s 00000000 08:01 4995152    /var/cache/fontconfig/b47c4e1ecd0709278f4910c18777a504-le32d4.cache-4
740cb000-740d2000 r--s 00000000 08:01 4995151    /var/cache/fontconfig/52f7bdb7ce746bfd7eaa1985bd9cfa93-le32d4.cache-4
740d2000-740da000 r--s 00000000 08:01 4995148    /var/cache/fontconfig/3f7329c5293ffd510edef78f73874cfd-le32d4.cache-4
740da000-740e4000 r--s 00000000 08:01 4994030    /var/cache/fontconfig/e13b20fdb08344e0e664864cc2ede53d-le32d4.cache-4
740e4000-740e7000 ---p 00000000 00:00 0 
740e7000-74135000 rw-p 00000000 00:00 0          [stack:8414]
74135000-7413a000 r-xp 00000000 08:01 10228937   /usr/lib/i386-linux-gnu/libXfixes.so.3.1.0
7413a000-7413b000 r--p 00004000 08:01 10228937   /usr/lib/i386-linux-gnu/libXfixes.so.3.1.0
7413b000-7413c000 rw-p 00005000 08:01 10228937   /usr/lib/i386-linux-gnu/libXfixes.so.3.1.0
7413c000-74145000 r-xp 00000000 08:01 10228936   /usr/lib/i386-linux-gnu/libXcursor.so.1.0.2
74145000-74146000 r--p 00008000 08:01 10228936   /usr/lib/i386-linux-gnu/libXcursor.so.1.0.2
74146000-74147000 rw-p 00009000 08:01 10228936   /usr/lib/i386-linux-gnu/libXcursor.so.1.0.2
74147000-7414a000 ---p 00000000 00:00 0 
7414a000-74298000 rw-p 00000000 00:00 0          [stack:8413]
74298000-742f9000 r-xp 00000000 08:01 12720797   /usr/lib/jvm/java-8-oracle/jre/lib/i386/libfontmanager.so
742f9000-742fc000 rw-p 00060000 08:01 12720797   /usr/lib/jvm/java-8-oracle/jre/lib/i386/libfontmanager.so
742fc000-74400000 rw-p 00000000 00:00 0 
74400000-744fb000 rw-p 00000000 00:00 0 
744fb000-74500000 ---p 00000000 00:00 0 
74500000-7451c000 r-xp 00000000 08:01 8781876    /lib/i386-linux-gnu/libgcc_s.so.1
7451c000-7451d000 rw-p 0001b000 08:01 8781876    /lib/i386-linux-gnu/libgcc_s.so.1
7451d000-7452d000 r-xp 00000000 08:01 10228943   /usr/lib/i386-linux-gnu/libXi.so.6.1.0
7452d000-7452e000 r--p 00010000 08:01 10228943   /usr/lib/i386-linux-gnu/libXi.so.6.1.0
7452e000-7452f000 rw-p 00011000 08:01 10228943   /usr/lib/i386-linux-gnu/libXi.so.6.1.0
7452f000-74538000 r--s 00000000 08:01 4995147    /var/cache/fontconfig/d589a48862398ed80a3d6066f4f56f4c-le32d4.cache-4
74538000-7453f000 r-xp 00000000 08:01 10224596   /usr/lib/i386-linux-gnu/libffi.so.6.0.4
7453f000-74541000 r--p 00006000 08:01 10224596   /usr/lib/i386-linux-gnu/libffi.so.6.0.4
74541000-74542000 rw-p 00008000 08:01 10224596   /usr/lib/i386-linux-gnu/libffi.so.6.0.4
74542000-74545000 r-xp 00000000 08:01 10224871   /usr/lib/i386-linux-gnu/libgmodule-2.0.so.0.4400.0
74545000-74546000 r--p 00002000 08:01 10224871   /usr/lib/i386-linux-gnu/libgmodule-2.0.so.0.4400.0
74546000-74547000 rw-p 00003000 08:01 10224871   /usr/lib/i386-linux-gnu/libgmodule-2.0.so.0.4400.0
74547000-7454d000 r-xp 00000000 08:01 10355678   /usr/lib/jayatana/libjayatana.so
7454d000-7454e000 r--p 00005000 08:01 10355678   /usr/lib/jayatana/libjayatana.so
7454e000-7454f000 rw-p 00006000 08:01 10355678   /usr/lib/jayatana/libjayatana.so
7454f000-745d5000 r-xp 00000000 08:01 12720780   /usr/lib/jvm/java-8-oracle/jre/lib/i386/libawt.so
745d5000-745dc000 rw-p 00086000 08:01 12720780   /usr/lib/jvm/java-8-oracle/jre/lib/i386/libawt.so
745dc000-74600000 rw-p 00000000 00:00 0 
74600000-746eb000 rw-p 00000000 00:00 0 
746eb000-74700000 ---p 00000000 00:00 0 
74700000-74702000 r--s 00000000 08:01 4995160    /var/cache/fontconfig/767a8244fc0220cfb567a839d0392e0b-le32d4.cache-4
74702000-74715000 r-xp 00000000 08:01 10231554   /usr/lib/i386-linux-gnu/libXext.so.6.4.0
74715000-74716000 r--p 00012000 08:01 10231554   /usr/lib/i386-linux-gnu/libXext.so.6.4.0
74716000-74717000 rw-p 00013000 08:01 10231554   /usr/lib/i386-linux-gnu/libXext.so.6.4.0
74717000-74763000 r-xp 00000000 08:01 12720793   /usr/lib/jvm/java-8-oracle/jre/lib/i386/libawt_xawt.so
74763000-74765000 rw-p 0004c000 08:01 12720793   /usr/lib/jvm/java-8-oracle/jre/lib/i386/libawt_xawt.so
74765000-74766000 rw-p 00000000 00:00 0 
74766000-74769000 ---p 00000000 00:00 0 
74769000-747b7000 rw-p 00000000 00:00 0          [stack:8666]
747b7000-747ba000 ---p 00000000 00:00 0 
747ba000-74808000 rw-p 00000000 00:00 0          [stack:8410]
74808000-7480b000 ---p 00000000 00:00 0 
7480b000-74859000 rw-p 00000000 00:00 0          [stack:8409]
74859000-7485c000 ---p 00000000 00:00 0 
7485c000-748aa000 rw-p 00000000 00:00 0 
748aa000-748c6000 r--s 00393000 08:01 12720840   /usr/lib/jvm/java-8-oracle/jre/lib/ext/cldrdata.jar
748c6000-74a87000 rw-p 00000000 00:00 0 
74a87000-74a88000 ---p 00000000 00:00 0 
74a88000-74b08000 rw-p 00000000 00:00 0          [stack:8407]
74b08000-74b0b000 ---p 00000000 00:00 0 
74b0b000-74b59000 rw-p 00000000 00:00 0          [stack:8406]
74b59000-74b5c000 ---p 00000000 00:00 0 
74b5c000-74bda000 rw-p 00000000 00:00 0          [stack:8405]
74bda000-74bdd000 ---p 00000000 00:00 0 
74bdd000-74c5b000 rw-p 00000000 00:00 0          [stack:8404]
74c5b000-74c7b000 r-xp 00000000 08:01 10229993   /usr/lib/i386-linux-gnu/libxcb.so.1.1.0
74c7b000-74c7c000 r--p 0001f000 08:01 10229993   /usr/lib/i386-linux-gnu/libxcb.so.1.1.0
74c7c000-74c7d000 rw-p 00020000 08:01 10229993   /usr/lib/i386-linux-gnu/libxcb.so.1.1.0
74c7d000-74dc4000 r-xp 00000000 08:01 10225934   /usr/lib/i386-linux-gnu/libX11.so.6.3.0
74dc4000-74dc5000 r--p 00146000 08:01 10225934   /usr/lib/i386-linux-gnu/libX11.so.6.3.0
74dc5000-74dc7000 rw-p 00147000 08:01 10225934   /usr/lib/i386-linux-gnu/libX11.so.6.3.0
74dc7000-74dc8000 rw-p 00000000 00:00 0 
74dc8000-74df3000 r--s 0025e000 08:01 10752021   /home/tyran53red/Eclipse/MASCode/MAS_L/MAS_Labs/lib/jade.jar
74df3000-74df6000 ---p 00000000 00:00 0 
74df6000-74e44000 rw-p 00000000 00:00 0          [stack:8403]
74e44000-74faf000 r--p 002c8000 08:01 10223922   /usr/lib/locale/locale-archive
74faf000-751af000 r--p 00000000 08:01 10223922   /usr/lib/locale/locale-archive
751af000-751b2000 ---p 00000000 00:00 0 
751b2000-75200000 rw-p 00000000 00:00 0          [stack:8402]
75200000-75300000 rw-p 00000000 00:00 0 
75300000-75301000 r--s 00000000 08:01 4995159    /var/cache/fontconfig/4794a0821666d79190d59a36cb4f44b5-le32d4.cache-4
75301000-75306000 r-xp 00000000 08:01 10228970   /usr/lib/i386-linux-gnu/libXtst.so.6.1.0
75306000-75307000 r--p 00004000 08:01 10228970   /usr/lib/i386-linux-gnu/libXtst.so.6.1.0
75307000-75308000 rw-p 00005000 08:01 10228970   /usr/lib/i386-linux-gnu/libXtst.so.6.1.0
75308000-75312000 r-xp 00000000 08:01 10223768   /usr/lib/i386-linux-gnu/libXrender.so.1.3.0
75312000-75313000 r--p 00009000 08:01 10223768   /usr/lib/i386-linux-gnu/libXrender.so.1.3.0
75313000-75314000 rw-p 0000a000 08:01 10223768   /usr/lib/i386-linux-gnu/libXrender.so.1.3.0
75314000-75317000 ---p 00000000 00:00 0 
75317000-75365000 rw-p 00000000 00:00 0          [stack:8401]
75365000-75366000 ---p 00000000 00:00 0 
75366000-75435000 rw-p 00000000 00:00 0          [stack:8400]
75435000-7560e000 r--s 03d09000 08:01 10882102   /usr/lib/jvm/java-8-oracle/jre/lib/rt.jar
7560e000-75a54000 rw-p 00000000 00:00 0 
75a54000-75a5a000 ---p 00000000 00:00 0 
75a5a000-77500000 rw-p 00000000 00:00 0 
77500000-775fb000 rw-p 00000000 00:00 0 
775fb000-77600000 ---p 00000000 00:00 0 
77600000-77601000 r--s 00000000 08:01 4995156    /var/cache/fontconfig/bab58bb527bb656aaa9f116d68a48d89-le32d4.cache-4
77601000-77602000 r--s 00000000 08:01 4995154    /var/cache/fontconfig/56cf4f4769d0f4abc89a4895d7bd3ae1-le32d4.cache-4
77602000-77603000 r--s 00000000 08:01 4995153    /var/cache/fontconfig/b9d506c9ac06c20b433354fa67a72993-le32d4.cache-4
77603000-7760e000 r--s 00116000 08:01 12720844   /usr/lib/jvm/java-8-oracle/jre/lib/ext/localedata.jar
7760e000-77623000 r-xp 00000000 08:01 12720831   /usr/lib/jvm/java-8-oracle/jre/lib/i386/libnet.so
77623000-77624000 rw-p 00014000 08:01 12720831   /usr/lib/jvm/java-8-oracle/jre/lib/i386/libnet.so
77624000-7767f000 rw-p 00000000 00:00 0 
7767f000-77680000 ---p 00000000 00:00 0 
77680000-77700000 rw-p 00000000 00:00 0          [stack:8399]
77700000-777ff000 rw-p 00000000 00:00 0 
777ff000-77800000 ---p 00000000 00:00 0 
77800000-77803000 r--s 00000000 08:01 4983380    /var/cache/fontconfig/7ef2298fde41cc6eeb7af42e48b7d293-le32d4.cache-4
77803000-77804000 ---p 00000000 00:00 0 
77804000-77894000 rw-p 00000000 00:00 0          [stack:8398]
77894000-77980000 ---p 00000000 00:00 0 
77980000-779ad000 rw-p 00000000 00:00 0 
779ad000-779ff000 ---p 00000000 00:00 0 
779ff000-79a00000 rw-p 00000000 00:00 0 
79a00000-97380000 ---p 00000000 00:00 0 
97380000-9cb00000 rw-p 00000000 00:00 0 
9cb00000-a7000000 ---p 00000000 00:00 0 
a7000000-a7001000 r--s 00000000 08:01 4995149    /var/cache/fontconfig/551ecf3b0e8b0bca0f25c0944f561853-le32d4.cache-4
a7001000-a7006000 r-xp 00000000 08:01 10225961   /usr/lib/i386-linux-gnu/libXdmcp.so.6.0.0
a7006000-a7007000 r--p 00004000 08:01 10225961   /usr/lib/i386-linux-gnu/libXdmcp.so.6.0.0
a7007000-a7008000 rw-p 00005000 08:01 10225961   /usr/lib/i386-linux-gnu/libXdmcp.so.6.0.0
a7008000-a702a000 rw-p 00000000 00:00 0 
a702a000-a7117000 ---p 00000000 00:00 0 
a7117000-a7130000 rw-p 00000000 00:00 0 
a7130000-a74d7000 ---p 00000000 00:00 0 
a74d7000-a7b17000 rwxp 00000000 00:00 0 
a7b17000-b64d7000 ---p 00000000 00:00 0 
b64d7000-b64e3000 r-xp 00000000 08:01 8782725    /lib/i386-linux-gnu/libnss_files-2.21.so
b64e3000-b64e4000 r--p 0000b000 08:01 8782725    /lib/i386-linux-gnu/libnss_files-2.21.so
b64e4000-b64e5000 rw-p 0000c000 08:01 8782725    /lib/i386-linux-gnu/libnss_files-2.21.so
b64e5000-b64fc000 r-xp 00000000 08:01 8782733    /lib/i386-linux-gnu/libnsl-2.21.so
b64fc000-b64fd000 r--p 00016000 08:01 8782733    /lib/i386-linux-gnu/libnsl-2.21.so
b64fd000-b64fe000 rw-p 00017000 08:01 8782733    /lib/i386-linux-gnu/libnsl-2.21.so
b64fe000-b6500000 rw-p 00000000 00:00 0 
b6500000-b65f9000 rw-p 00000000 00:00 0 
b65f9000-b6600000 ---p 00000000 00:00 0 
b6600000-b6601000 r--s 00000000 08:01 4995146    /var/cache/fontconfig/0c9eb80ebd1c36541ebe2852d3bb0c49-le32d4.cache-4
b6601000-b6602000 r-xp 00000000 08:01 12720799   /usr/lib/jvm/java-8-oracle/jre/lib/i386/libjawt.so
b6602000-b6603000 rw-p 00000000 08:01 12720799   /usr/lib/jvm/java-8-oracle/jre/lib/i386/libjawt.so
b6603000-b6605000 r-xp 00000000 08:01 10228929   /usr/lib/i386-linux-gnu/libXau.so.6.0.0
b6605000-b6606000 r--p 00001000 08:01 10228929   /usr/lib/i386-linux-gnu/libXau.so.6.0.0
b6606000-b6607000 rw-p 00002000 08:01 10228929   /usr/lib/i386-linux-gnu/libXau.so.6.0.0
b6607000-b6609000 r-xp 00000000 08:01 10355677   /usr/lib/jayatana/libjayatanaag.so
b6609000-b660a000 r--p 00001000 08:01 10355677   /usr/lib/jayatana/libjayatanaag.so
b660a000-b660b000 rw-p 00002000 08:01 10355677   /usr/lib/jayatana/libjayatanaag.so
b660b000-b6616000 r-xp 00000000 08:01 8782729    /lib/i386-linux-gnu/libnss_nis-2.21.so
b6616000-b6617000 r--p 0000a000 08:01 8782729    /lib/i386-linux-gnu/libnss_nis-2.21.so
b6617000-b6618000 rw-p 0000b000 08:01 8782729    /lib/i386-linux-gnu/libnss_nis-2.21.so
b6618000-b6620000 r-xp 00000000 08:01 8782727    /lib/i386-linux-gnu/libnss_compat-2.21.so
b6620000-b6621000 r--p 00007000 08:01 8782727    /lib/i386-linux-gnu/libnss_compat-2.21.so
b6621000-b6622000 rw-p 00008000 08:01 8782727    /lib/i386-linux-gnu/libnss_compat-2.21.so
b6622000-b6624000 r--s 00006000 08:01 10618489   /usr/share/java/jayatana.jar
b6624000-b6625000 r--s 00000000 08:01 10619664   /usr/share/java/jayatanaag.jar
b6625000-b6627000 r--s 0000a000 08:01 10752022   /home/tyran53red/Eclipse/MASCode/MAS_L/MAS_Labs/lib/commons-codec-1.3.jar
b6627000-b6628000 r--p 002c5000 08:01 10223922   /usr/lib/locale/locale-archive
b6628000-b6641000 r-xp 00000000 08:01 12720833   /usr/lib/jvm/java-8-oracle/jre/lib/i386/libzip.so
b6641000-b6642000 rw-p 00018000 08:01 12720833   /usr/lib/jvm/java-8-oracle/jre/lib/i386/libzip.so
b6642000-b6666000 r-xp 00000000 08:01 12720828   /usr/lib/jvm/java-8-oracle/jre/lib/i386/libjava.so
b6666000-b6667000 rw-p 00023000 08:01 12720828   /usr/lib/jvm/java-8-oracle/jre/lib/i386/libjava.so
b6667000-b666e000 r-xp 00000000 08:01 8783015    /lib/i386-linux-gnu/librt-2.21.so
b666e000-b666f000 r--p 00006000 08:01 8783015    /lib/i386-linux-gnu/librt-2.21.so
b666f000-b6670000 rw-p 00007000 08:01 8783015    /lib/i386-linux-gnu/librt-2.21.so
b6670000-b6673000 ---p 00000000 00:00 0 
b6673000-b66c1000 rw-p 00000000 00:00 0          [stack:8397]
b66c1000-b670c000 r-xp 00000000 08:01 8782739    /lib/i386-linux-gnu/libm-2.21.so
b670c000-b670d000 r--p 0004a000 08:01 8782739    /lib/i386-linux-gnu/libm-2.21.so
b670d000-b670e000 rw-p 0004b000 08:01 8782739    /lib/i386-linux-gnu/libm-2.21.so
b670e000-b7081000 r-xp 00000000 08:01 12720813   /usr/lib/jvm/java-8-oracle/jre/lib/i386/server/libjvm.so
b7081000-b70ed000 rw-p 00972000 08:01 12720813   /usr/lib/jvm/java-8-oracle/jre/lib/i386/server/libjvm.so
b70ed000-b7513000 rw-p 00000000 00:00 0 
b7513000-b76c7000 r-xp 00000000 08:01 8782737    /lib/i386-linux-gnu/libc-2.21.so
b76c7000-b76ca000 r--p 001b3000 08:01 8782737    /lib/i386-linux-gnu/libc-2.21.so
b76ca000-b76cc000 rw-p 001b6000 08:01 8782737    /lib/i386-linux-gnu/libc-2.21.so
b76cc000-b76ce000 rw-p 00000000 00:00 0 
b76ce000-b76d1000 r-xp 00000000 08:01 8783028    /lib/i386-linux-gnu/libdl-2.21.so
b76d1000-b76d2000 r--p 00002000 08:01 8783028    /lib/i386-linux-gnu/libdl-2.21.so
b76d2000-b76d3000 rw-p 00003000 08:01 8783028    /lib/i386-linux-gnu/libdl-2.21.so
b76d3000-b76e7000 r-xp 00000000 08:01 10355873   /usr/lib/jvm/java-8-oracle/lib/i386/jli/libjli.so
b76e7000-b76e8000 rw-p 00014000 08:01 10355873   /usr/lib/jvm/java-8-oracle/lib/i386/jli/libjli.so
b76e8000-b7701000 r-xp 00000000 08:01 8782723    /lib/i386-linux-gnu/libpthread-2.21.so
b7701000-b7702000 r--p 00018000 08:01 8782723    /lib/i386-linux-gnu/libpthread-2.21.so
b7702000-b7703000 rw-p 00019000 08:01 8782723    /lib/i386-linux-gnu/libpthread-2.21.so
b7703000-b7706000 rw-p 00000000 00:00 0 
b7706000-b770e000 rw-s 00000000 08:01 8519748    /tmp/hsperfdata_tyran53red/8390
b770e000-b7717000 r-xp 00000000 08:01 12720819   /usr/lib/jvm/java-8-oracle/jre/lib/i386/libinstrument.so
b7717000-b7718000 rw-p 00008000 08:01 12720819   /usr/lib/jvm/java-8-oracle/jre/lib/i386/libinstrument.so
b7718000-b7719000 rw-p 00000000 00:00 0 
b7719000-b771a000 r--p 00000000 00:00 0 
b771a000-b7725000 r-xp 00000000 08:01 12720779   /usr/lib/jvm/java-8-oracle/jre/lib/i386/libverify.so
b7725000-b7726000 rw-p 0000b000 08:01 12720779   /usr/lib/jvm/java-8-oracle/jre/lib/i386/libverify.so
b7726000-b7728000 rw-p 00000000 00:00 0 
b7728000-b772a000 r--p 00000000 00:00 0          [vvar]
b772a000-b772b000 r-xp 00000000 00:00 0          [vdso]
b772b000-b774d000 r-xp 00000000 08:01 8782731    /lib/i386-linux-gnu/ld-2.21.so
b774d000-b774e000 r--p 00021000 08:01 8782731    /lib/i386-linux-gnu/ld-2.21.so
b774e000-b774f000 rw-p 00022000 08:01 8782731    /lib/i386-linux-gnu/ld-2.21.so
bf87e000-bf87f000 rwxp 00000000 00:00 0 
bf8b1000-bf8d2000 rw-p 00000000 00:00 0          [stack]

VM Arguments:
jvm_args: -javaagent:/usr/share/java/jayatanaag.jar -Dfile.encoding=UTF-8 
java_command: jade.Boot -gui -local-host 127.0.0.1
java_class_path (initial): /home/tyran53red/Eclipse/MASCode/MAS_L/MAS_Labs/bin:/home/tyran53red/Eclipse/MASCode/MAS_L/MAS_Labs/lib/commons-codec-1.3.jar:/home/tyran53red/Eclipse/MASCode/MAS_L/MAS_Labs/lib/jade.jar:/usr/share/java/jayatanaag.jar
Launcher Type: SUN_STANDARD

Environment Variables:
JAVA_TOOL_OPTIONS=-javaagent:/usr/share/java/jayatanaag.jar 
PATH=/usr/local/sbin:/usr/local/bin:/usr/sbin:/usr/bin:/sbin:/bin:/usr/games:/usr/local/games
LD_LIBRARY_PATH=/usr/lib/jvm/java-8-oracle/jre/lib/i386/server:/usr/lib/jvm/java-8-oracle/jre/lib/i386:/usr/lib/jvm/java-8-oracle/jre/../lib/i386:/usr/lib/jvm/java-8-oracle/jre/lib/i386/client:/usr/lib/jvm/java-8-oracle/jre/lib/i386:
SHELL=/bin/bash
DISPLAY=:0

Signal Handlers:
SIGSEGV: [libjvm.so+0x8c29a0], sa_mask[0]=11111111011111111101111111111110, sa_flags=SA_RESTART|SA_SIGINFO
SIGBUS: [libjvm.so+0x8c29a0], sa_mask[0]=11111111011111111101111111111110, sa_flags=SA_RESTART|SA_SIGINFO
SIGFPE: [libjvm.so+0x7432d0], sa_mask[0]=11111111011111111101111111111110, sa_flags=SA_RESTART|SA_SIGINFO
SIGPIPE: SIG_IGN, sa_mask[0]=00000000000010000000000000000000, sa_flags=SA_RESTART
SIGXFSZ: [libjvm.so+0x7432d0], sa_mask[0]=11111111011111111101111111111110, sa_flags=SA_RESTART|SA_SIGINFO
SIGILL: [libjvm.so+0x7432d0], sa_mask[0]=11111111011111111101111111111110, sa_flags=SA_RESTART|SA_SIGINFO
SIGUSR1: SIG_DFL, sa_mask[0]=00000000000000000000000000000000, sa_flags=none
SIGUSR2: [libjvm.so+0x744860], sa_mask[0]=00100000000000000000000000000000, sa_flags=SA_RESTART|SA_SIGINFO
SIGHUP: [libjvm.so+0x745d10], sa_mask[0]=11111111011111111101111111111110, sa_flags=SA_RESTART|SA_SIGINFO
SIGINT: [libjvm.so+0x745d10], sa_mask[0]=11111111011111111101111111111110, sa_flags=SA_RESTART|SA_SIGINFO
SIGTERM: [libjvm.so+0x745d10], sa_mask[0]=11111111011111111101111111111110, sa_flags=SA_RESTART|SA_SIGINFO
SIGQUIT: [libjvm.so+0x745d10], sa_mask[0]=11111111011111111101111111111110, sa_flags=SA_RESTART|SA_SIGINFO


---------------  S Y S T E M  ---------------

OS:DISTRIB_ID=Ubuntu
DISTRIB_RELEASE=15.04
DISTRIB_CODENAME=vivid
DISTRIB_DESCRIPTION="Ubuntu 15.04"

uname:Linux 3.19.0-18-generic #18-Ubuntu SMP Tue May 19 18:30:59 UTC 2015 i686
libc:glibc 2.21 NPTL 2.21 
rlimit: STACK 8192k, CORE 0k, NPROC 23999, NOFILE 65536, AS infinity
load average:1,18 2,73 2,20

/proc/meminfo:
MemTotal:        3101256 kB
MemFree:          229984 kB
MemAvailable:     433324 kB
Buffers:           23296 kB
Cached:           459824 kB
SwapCached:        19744 kB
Active:          1857292 kB
Inactive:         875500 kB
Active(anon):    1637556 kB
Inactive(anon):   738172 kB
Active(file):     219736 kB
Inactive(file):   137328 kB
Unevictable:         296 kB
Mlocked:             296 kB
HighTotal:       2231976 kB
HighFree:          65456 kB
LowTotal:         869280 kB
LowFree:          164528 kB
SwapTotal:       3143676 kB
SwapFree:        2708476 kB
Dirty:              4044 kB
Writeback:             0 kB
AnonPages:       2236052 kB
Mapped:           286132 kB
Shmem:            126056 kB
Slab:              45720 kB
SReclaimable:      21720 kB
SUnreclaim:        24000 kB
KernelStack:        6088 kB
PageTables:        23040 kB
NFS_Unstable:          0 kB
Bounce:                0 kB
WritebackTmp:          0 kB
CommitLimit:     4694304 kB
Committed_AS:    8571376 kB
VmallocTotal:     122880 kB
VmallocUsed:       53476 kB
VmallocChunk:      38116 kB
AnonHugePages:   1040384 kB
CmaTotal:              0 kB
CmaFree:               0 kB
HugePages_Total:       0
HugePages_Free:        0
HugePages_Rsvd:        0
HugePages_Surp:        0
Hugepagesize:       2048 kB
DirectMap4k:      124920 kB
DirectMap2M:      788480 kB


CPU:total 2 (2 cores per cpu, 1 threads per core) family 6 model 23 stepping 10, cmov, cx8, fxsr, mmx, sse, sse2, sse3, ssse3, tsc

/proc/cpuinfo:
processor	: 0
vendor_id	: GenuineIntel
cpu family	: 6
model		: 23
model name	: Pentium(R) Dual-Core CPU       T4500  @ 2.30GHz
stepping	: 10
microcode	: 0xa07
cpu MHz		: 2300.000
cache size	: 1024 KB
physical id	: 0
siblings	: 2
core id		: 0
cpu cores	: 2
apicid		: 0
initial apicid	: 0
fdiv_bug	: no
f00f_bug	: no
coma_bug	: no
fpu		: yes
fpu_exception	: yes
cpuid level	: 13
wp		: yes
flags		: fpu vme de pse tsc msr pae mce cx8 apic sep mtrr pge mca cmov pat pse36 clflush dts acpi mmx fxsr sse sse2 ss ht tm pbe nx lm constant_tsc arch_perfmon pebs bts aperfmperf pni dtes64 monitor ds_cpl est tm2 ssse3 cx16 xtpr pdcm xsave lahf_lm dtherm
bugs		:
bogomips	: 4599.86
clflush size	: 64
cache_alignment	: 64
address sizes	: 36 bits physical, 48 bits virtual
power management:

processor	: 1
vendor_id	: GenuineIntel
cpu family	: 6
model		: 23
model name	: Pentium(R) Dual-Core CPU       T4500  @ 2.30GHz
stepping	: 10
microcode	: 0xa07
cpu MHz		: 2300.000
cache size	: 1024 KB
physical id	: 0
siblings	: 2
core id		: 1
cpu cores	: 2
apicid		: 1
initial apicid	: 1
fdiv_bug	: no
f00f_bug	: no
coma_bug	: no
fpu		: yes
fpu_exception	: yes
cpuid level	: 13
wp		: yes
flags		: fpu vme de pse tsc msr pae mce cx8 apic sep mtrr pge mca cmov pat pse36 clflush dts acpi mmx fxsr sse sse2 ss ht tm pbe nx lm constant_tsc arch_perfmon pebs bts aperfmperf pni dtes64 monitor ds_cpl est tm2 ssse3 cx16 xtpr pdcm xsave lahf_lm dtherm
bugs		:
bogomips	: 4599.86
clflush size	: 64
cache_alignment	: 64
address sizes	: 36 bits physical, 48 bits virtual
power management:



Memory: 4k page, physical 3101256k(229984k free), swap 3143676k(2708476k free)

vm_info: Java HotSpot(TM) Server VM (25.45-b02) for linux-x86 JRE (1.8.0_45-b14), built on Apr 10 2015 10:38:30 by "java_re" with gcc 4.3.0 20080428 (Red Hat 4.3.0-8)

time: Tue Jun  9 00:28:45 2015
elapsed time: 282 seconds (0d 0h 4m 42s)

